This is pdfTeX, Version 3.1415926-1.40.10 (TeX Live 2009/Arch Linux) (format=cont-en 2010.3.1)  22 MAR 2010 13:33
entering extended mode
 restricted \write18 enabled.
 file:line:error style messages enabled.
 %&-line parsing enabled.
 (/usr/share/texmf/web2c/natural.tcx)
**short_text.tex \emergencyend
(./short_text.tex

ConTeXt  ver: 2009.08.19 17:10 MKII  fmt: 2010.3.1  int: english/english

system          : cont-new loaded
(/usr/share/texmf-dist/tex/context/base/cont-new.tex
systems         : beware: some patches loaded from cont-new.tex
(/usr/share/texmf-dist/tex/context/base/cont-new.mkii))
system          : cont-fil loaded
(/usr/share/texmf-dist/tex/context/base/cont-fil.tex
loading         : ConTeXt File Synonyms
)
system          : cont-sys.rme loaded
(/usr/share/texmf-dist/tex/context/user/cont-sys.rme
(/usr/share/texmf-dist/tex/context/base/type-tmf.tex
(/usr/share/texmf-dist/tex/context/base/type-tmf.mkii))
(/usr/share/texmf-dist/tex/context/base/type-siz.tex
(/usr/share/texmf-dist/tex/context/base/type-siz.mkii))
(/usr/share/texmf-dist/tex/context/base/type-one.tex
(/usr/share/texmf-dist/tex/context/base/type-one.mkii)))
system          : short_text.top loaded
(./short_text.top
)
bodyfont        : 12pt rm is loaded
language        : patterns nl->texnansi:texnansi->1->2:2 nl->ec:ec->2->2:2 us->
ec:ec->3->2:3 de->texnansi:texnansi->4->3:3 de->ec:ec->5->3:3 da->ec:ec->6->2:2
 sv->ec:ec->7->2:2 gb->ec:ec->8->2:2 fr->texnansi:texnansi->9->2:2 fr->ec:ec->1
0->2:2 es->ec:ec->11->2:2 ca->ec:ec->12->2:2 it->texnansi:texnansi->13->2:2 it-
>ec:ec->14->2:2 la->ec:ec->15->2:2 pt->texnansi:texnansi->16->2:2 pt->ec:ec->17
->2:2 ro->ec:ec->18->2:2 pl->pl0:pl0->19->2:2 pl->ec:ec->20->2:2 pl->qx:qx->21-
>2:2 cs->il2:il2->22->2:2 cs->ec:ec->23->2:2 sk->il2:il2->24->2:2 sk->ec:ec->25
->2:2 hr->ec:ec->26->2:2 sl->ec:ec->27->2:2 tr->ec:ec->28->2:2 agr->agr:agr->30
->2:2 fi->ec:ec->31->2:2 hu->ec:ec->32->2:2 ru->t2a:t2a->34->2:2 uk->t2a:t2a->3
5->3:3 loaded
specials        : dvips loaded
\openout3 = `short_text.tui'.

\openout0 = `short_text-mpgraph.mp'.

\openout0 = `mpgraph.mp'.

systems         : system commands are enabled
language        : language en is active
specials        : loading definition file tpd
(/usr/share/texmf-dist/tex/context/base/spec-tpd.mkii
specials        : loading definition file fdf
(/usr/share/texmf-dist/tex/context/base/spec-fdf.mkii)) (./short_text.tuo)
(./short_text.tuo) (./short_text.tuo) (./short_text.tuo) (./short_text.tuo)
(./short_text.tuo) (./short_text.tuo) (./short_text.tuo) (./short_text.tuo)
(./short_text.tuo) (./short_text.tuo) (./short_text.tuo)
systems         : begin file short_text at line 1
color           : mpcmyk color space is supported
color           : mpspot color space is supported
color           : system rgb is global activated
(/usr/share/texmf-dist/tex/context/base/type-pre.tex)
systems         : end file short_text at line 52
system          : cont-err loaded
(/usr/share/texmf-dist/tex/context/base/cont-err.tex
systems         : no file 'cont-sys.tex', using 'cont-sys.rme' instead
) ) 
Here is how much of TeX's memory you used:
 1303 strings out of 457151
 21190 string characters out of 2543395
 4713250 words of memory out of 7144148
 41104 multiletter control sequences out of 15000+200000
 140143 words of font info for 63 fonts, out of 3000000 for 9000
 396 hyphenation exceptions out of 8191
 36i,1n,55p,265b,542s stack positions out of 5000i,500n,10000p,200000b,50000s

No pages of output.
PDF statistics:
 0 PDF objects out of 1000 (max. 8388607)
 0 named destinations out of 1000 (max. 500000)
 1 words of extra memory for PDF output out of 10000 (max. 10000000)

