This is pdfTeX, Version 3.1415926-1.40.10 (TeX Live 2009/Arch Linux) (format=cont-en 2010.3.1)  22 MAR 2010 15:45
entering extended mode
 restricted \write18 enabled.
 %&-line parsing enabled.
 (/usr/share/texmf/web2c/natural.tcx)
**zinseszins.tex \emergencyend
(./zinseszins.tex

ConTeXt  ver: 2009.08.19 17:10 MKII  fmt: 2010.3.1  int: english/english

system          : cont-new loaded
(/usr/share/texmf-dist/tex/context/base/cont-new.tex
systems         : beware: some patches loaded from cont-new.tex
(/usr/share/texmf-dist/tex/context/base/cont-new.mkii))
system          : cont-fil loaded
(/usr/share/texmf-dist/tex/context/base/cont-fil.tex
loading         : ConTeXt File Synonyms
)
system          : cont-sys.rme loaded
(/usr/share/texmf-dist/tex/context/user/cont-sys.rme
(/usr/share/texmf-dist/tex/context/base/type-tmf.tex
(/usr/share/texmf-dist/tex/context/base/type-tmf.mkii))
(/usr/share/texmf-dist/tex/context/base/type-siz.tex
(/usr/share/texmf-dist/tex/context/base/type-siz.mkii))
(/usr/share/texmf-dist/tex/context/base/type-one.tex
(/usr/share/texmf-dist/tex/context/base/type-one.mkii)))
system          : zinseszins.top loaded
(./zinseszins.top)
bodyfont        : 12pt rm is loaded
language        : patterns nl->texnansi:texnansi->1->2:2 nl->ec:ec->2->2:2 us->
ec:ec->3->2:3 de->texnansi:texnansi->4->3:3 de->ec:ec->5->3:3 da->ec:ec->6->2:2
 sv->ec:ec->7->2:2 gb->ec:ec->8->2:2 fr->texnansi:texnansi->9->2:2 fr->ec:ec->1
0->2:2 es->ec:ec->11->2:2 ca->ec:ec->12->2:2 it->texnansi:texnansi->13->2:2 it-
>ec:ec->14->2:2 la->ec:ec->15->2:2 pt->texnansi:texnansi->16->2:2 pt->ec:ec->17
->2:2 ro->ec:ec->18->2:2 pl->pl0:pl0->19->2:2 pl->ec:ec->20->2:2 pl->qx:qx->21-
>2:2 cs->il2:il2->22->2:2 cs->ec:ec->23->2:2 sk->il2:il2->24->2:2 sk->ec:ec->25
->2:2 hr->ec:ec->26->2:2 sl->ec:ec->27->2:2 tr->ec:ec->28->2:2 agr->agr:agr->30
->2:2 fi->ec:ec->31->2:2 hu->ec:ec->32->2:2 ru->t2a:t2a->34->2:2 uk->t2a:t2a->3
5->3:3 loaded
specials        : dvips loaded
\openout3 = `zinseszins.tui'.

\openout0 = `zinseszins-mpgraph.mp'.

\openout0 = `mpgraph.mp'.

systems         : system commands are enabled
language        : language en is active
systems         : begin file short_text at line 2
(./short_text.tex
color           : mpcmyk color space is supported
color           : mpspot color space is supported
color           : system rgb is global activated
color           : system hex is loaded
(/usr/share/texmf-dist/tex/context/base/colo-hex.tex
(/usr/share/texmf-dist/tex/context/base/colo-hex.mkii
loading         : ConTeXt Color Macros / Hexadecimal
)) (/usr/share/texmf-dist/tex/context/base/type-pre.tex))
systems         : end file short_text at line 2
(./zinseszins.tuo) (./zinseszins.tuo) (./zinseszins.tuo) (./zinseszins.tuo)
(./zinseszins.tuo) (./zinseszins.tuo) (./zinseszins.tuo) (./zinseszins.tuo)
(./zinseszins.tuo) (./zinseszins.tuo) (./zinseszins.tuo) (./zinseszins.tuo)
systems         : begin file zinseszins at line 5
title           : - Der Zinseszins
subject         : - Was ist Zinseszins?
subject         : - Ein Beispiel
subject         : - Die Formel
! Display math should end with $$.
<to be read again> 
                   K
l.33    $K
          _n$ = Endkapital; $K_0$ = Anfangskapital; $z$ = Zinssatz; $n$ = An...

? 
! Missing $ inserted.
<inserted text> 
                $
<to be read again> 
                   _
l.33    $K_
           n$ = Endkapital; $K_0$ = Anfangskapital; $z$ = Zinssatz; $n$ = An...

? 
! Missing $ inserted.
<inserted text> 
                $
<to be read again> 
                   \par 
\stopdisplaymath ...\afterdisplayspace \else \par 
                                                  \ifvmode \ifdim \parskip >...

\dostopformula ...eter \c!alternative \v!formula }
                                                  \resetlastlinewidth \nonoi...
l.34 \stopformula
                 
? 
! Display math should end with $$.
<to be read again> 
                   \par 
\stopdisplaymath ...\afterdisplayspace \else \par 
                                                  \ifvmode \ifdim \parskip >...

\dostopformula ...eter \c!alternative \v!formula }
                                                  \resetlastlinewidth \nonoi...
l.34 \stopformula
                 
? 
! Double subscript.
l.37 K_2_
         5=10'000(1+\frac{5\%}{100})^2^5=33'863.55
? 
! Double superscript.
l.37 K_2_5=10'000(1+\frac{5\%}{100})^2^
                                       5=33'863.55
? 
subject         : - Unterschied zwischen einfachem Zins und Zinseszins
figures         : dimensions of ./graph/comparison2.eps calculated by rlxtools
runsystem(texmfstart rlxtools --identify ./graph/comparison2.eps)...disabled (r
estricted).

figures         : dimensions of ./graph/comparison2.eps calculated by rlxtools
figures         : figure comparison2 can not be found
floatblocks     : 1 saved
subject         : - Aufgaben
fonts           : resetting map file list
fonts           : using map file: original-base
fonts           : using map file: original-ams-base
fonts           : using map file: original-public-lm
fonts           : using map file: lm-ec
fonts           : using map file: lm-math
fonts           : using map file: lm-rm
fonts           : using map file: original-ams-euler
(/usr/share/texmf-dist/tex/context/base/sort-def.mkii)
(/usr/share/texmf-dist/tex/context/base/sort-lan.mkii) [1.1]
floatblocks     : 1 moved
[2.2]
systems         : end file zinseszins at line 70
system          : cont-err loaded
(/usr/share/texmf-dist/tex/context/base/cont-err.tex
systems         : no file 'cont-sys.tex', using 'cont-sys.rme' instead
) ) 
Here is how much of TeX's memory you used:
 1062 strings out of 457151
 16845 string characters out of 2543395
 4696626 words of memory out of 7127524
 40832 multiletter control sequences out of 15000+200000
 221625 words of font info for 99 fonts, out of 3000000 for 9000
 396 hyphenation exceptions out of 8191
 42i,21n,57p,1186b,933s stack positions out of 5000i,500n,10000p,200000b,50000s

Output written on zinseszins.dvi (2 pages, 7496 bytes).
