\BOOKMARK [0][]{Titelblatt.0}{Titelblatt}{}% 1
\BOOKMARK [0][]{tableofcontents.0}{Inhaltsverzeichnis}{}% 2
\BOOKMARK [0][]{section*.3}{Abstract}{}% 3
\BOOKMARK [0][]{section*.5}{Vorwort}{}% 4
\BOOKMARK [0][]{Danksagungen.0}{Danksagungen}{}% 5
\BOOKMARK [0][]{chapter.1}{1 Einleitung}{}% 6
\BOOKMARK [1][-]{section.1.1}{1.1 Einleitung}{chapter.1}% 7
\BOOKMARK [1][-]{section.1.2}{1.2 Definition des Begriffs Street-Art}{chapter.1}% 8
\BOOKMARK [0][]{chapter.2}{2 Street-Art - Entstehung einer Subkultur}{}% 9
\BOOKMARK [1][-]{section.2.1}{2.1 Historische Vorg\344nger}{chapter.2}% 10
\BOOKMARK [1][-]{section.2.2}{2.2 Die Graffiti-Subkultur}{chapter.2}% 11
\BOOKMARK [2][-]{subsection.2.2.1}{2.2.1 Gr\374nde f\374r die Nicht-Etablierung von Graffiti}{section.2.2}% 12
\BOOKMARK [2][-]{subsection.2.2.2}{2.2.2 Entwicklung der Street Art}{section.2.2}% 13
\BOOKMARK [1][-]{section.2.3}{2.3 Street-Art-Ans\344tze und dessen Vertreter}{chapter.2}% 14
\BOOKMARK [2][-]{subsection.2.3.1}{2.3.1 Blek le Rat und die Pochoiristen}{section.2.3}% 15
\BOOKMARK [2][-]{subsection.2.3.2}{2.3.2 Shepard Fairey: Propaganda f\374r Nichts}{section.2.3}% 16
\BOOKMARK [2][-]{subsection.2.3.3}{2.3.3 Banksys provokative Schablonengraffiti}{section.2.3}% 17
\BOOKMARK [2][-]{subsection.2.3.4}{2.3.4 Street Art in der Schweiz}{section.2.3}% 18
\BOOKMARK [0][]{chapter.3}{3 Street-Art als angewandte Kunst}{}% 19
\BOOKMARK [1][-]{section.3.1}{3.1 Bildende und angewandte Kunst}{chapter.3}% 20
\BOOKMARK [2][-]{subsection.3.1.1}{3.1.1 Werbung als angewandte Kunst}{section.3.1}% 21
\BOOKMARK [2][-]{subsection.3.1.2}{3.1.2 Street Art und dessen N\344he zu Werbung}{section.3.1}% 22
\BOOKMARK [1][-]{section.3.2}{3.2 Kapitalformen in der Street Art}{chapter.3}% 23
\BOOKMARK [2][-]{subsection.3.2.1}{3.2.1 Kapitalformen nach Bourdieu}{section.3.2}% 24
\BOOKMARK [2][-]{subsection.3.2.2}{3.2.2 Anwendung der Kapitalformen auf die Street Art}{section.3.2}% 25
\BOOKMARK [1][-]{section.3.3}{3.3 Gemeinsamkeiten von Street Art und bildender Kunst}{chapter.3}% 26
\BOOKMARK [2][-]{subsection.3.3.1}{3.3.1 Dada}{section.3.3}% 27
\BOOKMARK [2][-]{subsection.3.3.2}{3.3.2 Situationismus}{section.3.3}% 28
\BOOKMARK [0][]{chapter.4}{4 Etablierung von Street-Art}{}% 29
\BOOKMARK [1][-]{section.4.1}{4.1 Was macht den Wert eines Kunstwerkes aus?}{chapter.4}% 30
\BOOKMARK [1][-]{section.4.2}{4.2 Der Symbolwert von Street-Art-Kunstwerken}{chapter.4}% 31
\BOOKMARK [2][-]{subsection.4.2.1}{4.2.1 Singularit\344t}{section.4.2}% 32
\BOOKMARK [2][-]{subsection.4.2.2}{4.2.2 Kunsthistorische Zuschreibung}{section.4.2}% 33
\BOOKMARK [2][-]{subsection.4.2.3}{4.2.3 Etabliertheit des K\374nstlers}{section.4.2}% 34
\BOOKMARK [2][-]{subsection.4.2.4}{4.2.4 Orginalit\344tsverheissung}{section.4.2}% 35
\BOOKMARK [2][-]{subsection.4.2.5}{4.2.5 Versprechen auf Dauer}{section.4.2}% 36
\BOOKMARK [2][-]{subsection.4.2.6}{4.2.6 Autonomiepostulat}{section.4.2}% 37
\BOOKMARK [2][-]{subsection.4.2.7}{4.2.7 Intellektueller Anspruch}{section.4.2}% 38
\BOOKMARK [1][-]{section.4.3}{4.3 Vier Stufen der Etablierung eines K\374nstlers}{chapter.4}% 39
\BOOKMARK [2][-]{subsection.4.3.1}{4.3.1 Anerkennung der Altersgenossen}{section.4.3}% 40
\BOOKMARK [2][-]{subsection.4.3.2}{4.3.2 Kritik und Theoretischer Diskurs}{section.4.3}% 41
\BOOKMARK [2][-]{subsection.4.3.3}{4.3.3 Unterst\374tzung von wichtigen H\344ndlern und Sammlern}{section.4.3}% 42
\BOOKMARK [2][-]{subsection.4.3.4}{4.3.4 \326ffentliche Anerkennung}{section.4.3}% 43
\BOOKMARK [1][-]{section.4.4}{4.4 Ausstellungen und Galerien}{chapter.4}% 44
\BOOKMARK [2][-]{subsection.4.4.1}{4.4.1 Fresh Air Smells Funny}{section.4.4}% 45
\BOOKMARK [2][-]{subsection.4.4.2}{4.4.2 Stroke Urban Art Fair}{section.4.4}% 46
\BOOKMARK [0][]{chapter.5}{5 Schlusswort}{}% 47
\BOOKMARK [0][]{section*.18}{Literatur}{}% 48
\BOOKMARK [0][]{section*.20}{Abbildungsverzeichnis}{}% 49
\BOOKMARK [0][]{appendix.A}{A Anhang}{}% 50
\BOOKMARK [1][-]{section.A.1}{A.1 Interview mit Seifrei}{appendix.A}% 51
\BOOKMARK [1][-]{section.A.2}{A.2 Interview mit Bust}{appendix.A}% 52
\BOOKMARK [1][-]{section.A.3}{A.3 Interview mit c215}{appendix.A}% 53
\BOOKMARK [0][]{deklaration.0}{Deklaration}{}% 54
