This is pdfTeX, Version 3.1415926-1.40.11 (MiKTeX 2.9) (preloaded format=pdflatex 2011.5.23)  7 APR 2012 02:24
entering extended mode
**C:/Users/stefan/Documents/Maturarbeit/Maturarbeit*Street*Art/Maturaarbeit.tex

("C:/Users/stefan/Documents/Maturarbeit/Maturarbeit Street Art/Maturaarbeit.tex
"
LaTeX2e <2009/09/24>
Babel <v3.8l> and hyphenation patterns for english, afrikaans, ancientgreek, ar
abic, armenian, assamese, basque, bengali, bokmal, bulgarian, catalan, coptic, 
croatian, czech, danish, dutch, esperanto, estonian, farsi, finnish, french, ga
lician, german, german-x-2009-06-19, greek, gujarati, hindi, hungarian, iceland
ic, indonesian, interlingua, irish, italian, kannada, kurmanji, lao, latin, lat
vian, lithuanian, malayalam, marathi, mongolian, mongolianlmc, monogreek, ngerm
an, ngerman-x-2009-06-19, nynorsk, oriya, panjabi, pinyin, polish, portuguese, 
romanian, russian, sanskrit, serbian, slovak, slovenian, spanish, swedish, swis
sgerman, tamil, telugu, turkish, turkmen, ukenglish, ukrainian, uppersorbian, u
senglishmax, welsh, loaded.
(C:\Users\stefan\AppData\Roaming\MiKTeX\2.9\tex\latex\koma-script\scrreprt.cls
Document Class: scrreprt 2011/04/02 v3.09 KOMA-Script document class (report)
(C:\Users\stefan\AppData\Roaming\MiKTeX\2.9\tex\latex\koma-script\scrkbase.sty
Package: scrkbase 2011/04/02 v3.09 KOMA-Script package (KOMA-Script-dependent b
asics and keyval usage)

(C:\Users\stefan\AppData\Roaming\MiKTeX\2.9\tex\latex\koma-script\scrbase.sty
Package: scrbase 2011/04/02 v3.09 KOMA-Script package (KOMA-Script-independent 
basics and keyval usage)

("C:\Program Files\MiKTeX 2.9\tex\latex\graphics\keyval.sty"
Package: keyval 1999/03/16 v1.13 key=value parser (DPC)
\KV@toks@=\toks14
)
(C:\Users\stefan\AppData\Roaming\MiKTeX\2.9\tex\latex\koma-script\scrlfile.sty
Package: scrlfile 2011/03/09 v3.09 KOMA-Script package (loading files)

Package scrlfile, 2011/03/09 v3.09 KOMA-Script package (loading files)
                  Copyright (C) Markus Kohm

)))
(C:\Users\stefan\AppData\Roaming\MiKTeX\2.9\tex\latex\koma-script\tocbasic.sty
Package: tocbasic 2011/03/23 v3.09 KOMA-Script package (handling toc-files)
)
Package tocbasic Info: omitting babel extension for `toc'
(tocbasic)             because of feature `nobabel' available
(tocbasic)             for `toc' on input line 117.
Package tocbasic Info: omitting babel extension for `lof'
(tocbasic)             because of feature `nobabel' available
(tocbasic)             for `lof' on input line 118.
Package tocbasic Info: omitting babel extension for `lot'
(tocbasic)             because of feature `nobabel' available
(tocbasic)             for `lot' on input line 119.
Package scrreprt Info: You've used obsolete option `11pt'.
(scrreprt)             \KOMAExecuteOptions{fontsize=11pt} will be
(scrreprt)             used instead.
(scrreprt)             You may simply replace `11pt'
(scrreprt)             by `fontsize=11pt'.
Class scrreprt Info: You've used standard option `openright'.
(scrreprt)           This is correct!
(scrreprt)           Internally I'm using `open=right'.
(scrreprt)           If you'd like to set the option with \KOMAoptions,
(scrreprt)           you'd have to use `open=right' there
(scrreprt)           instead of `openright', too.
Class scrreprt Info: You've used standard option `oneside'.
(scrreprt)           This is correct!
(scrreprt)           Internally I'm using `twoside=false'.
(scrreprt)           If you'd like to set the option with \KOMAoptions,
(scrreprt)           you'd have to use `twoside=false' there
(scrreprt)           instead of `oneside', too.
("C:\Program Files\MiKTeX 2.9\tex\latex\base\fleqn.clo"
File: fleqn.clo 1998/08/17 v1.1c Standard LaTeX option (flush left equations)
\mathindent=\dimen102
)

Class scrreprt Warning: You've used obsolete option `tablecaptionabove'.
(scrreprt)              Usage of this option indicates an old document and
(scrreprt)              changes compatibility level using
(scrreprt)              `captions=tableheading,version=first'.
(scrreprt)              If you don't want this, you should simply replace
(scrreprt)              usage of option `tablecaptionabove' by `captions=tableh
eading'.

Class scrreprt Info: Switching compatibility level to `first'.
Class scrreprt Info: File `scrsize11pt.clo' used to setup font sizes on input l
ine 1346.

(C:\Users\stefan\AppData\Roaming\MiKTeX\2.9\tex\latex\koma-script\scrsize11pt.c
lo
File: scrsize11pt.clo 2011/04/02 v3.09 KOMA-Script font size class option (11pt
)
)
(C:\Users\stefan\AppData\Roaming\MiKTeX\2.9\tex\latex\koma-script\typearea.sty
Package: typearea 2011/04/02 v3.09 KOMA-Script package (type area)

Package typearea, 2011/04/02 v3.09 KOMA-Script package (type area)
                  Copyright (C) Frank Neukam, 1992-1994
                  Copyright (C) Markus Kohm, 1994-

\ta@bcor=\skip41
\ta@div=\count79
Package typearea Info: You've used standard option `a4paper'.
(typearea)             This is correct!
(typearea)             Internally I'm using `paper=a4'.
(typearea)             If you'd like to set the option with \KOMAoptions,
(typearea)             you'd have to use `paper=a4' there
(typearea)             instead of `a4paper', too.
Package typearea Info: You've used standard option `oneside'.
(typearea)             This is correct!
(typearea)             Internally I'm using `twoside=false'.
(typearea)             If you'd like to set the option with \KOMAoptions,
(typearea)             you'd have to use `twoside=false' there
(typearea)             instead of `oneside', too.
\ta@hblk=\skip42
\ta@vblk=\skip43
\ta@temp=\skip44
Package typearea Info: These are the values describing the layout:
(typearea)             DIV  = 10
(typearea)             BCOR = 14.22636pt
(typearea)             \paperwidth      = 597.50793pt
(typearea)              \textwidth      = 408.2971pt
(typearea)              DIV departure   = -3%
(typearea)              \evensidemargin = 29.44861pt
(typearea)              \oddsidemargin  = 29.44861pt
(typearea)             \paperheight     = 845.04694pt
(typearea)              \textheight     = 514.20023pt
(typearea)              \topmargin      = 12.2347pt
(typearea)              \headheight     = 17.0pt
(typearea)              \headsep        = 20.40001pt
(typearea)              \topskip        = 11.0pt
(typearea)              \footskip       = 47.60002pt
(typearea)              \baselineskip   = 13.6pt
(typearea)              on input line 1138.
)
\c@part=\count80
\c@chapter=\count81
\c@section=\count82
\c@subsection=\count83
\c@subsubsection=\count84
\c@paragraph=\count85
\c@subparagraph=\count86
\abovecaptionskip=\skip45
\belowcaptionskip=\skip46
\c@pti@nb@sid@b@x=\box26
\c@figure=\count87
\c@table=\count88
\bibindent=\dimen103
) ("C:\Program Files\MiKTeX 2.9\tex\generic\babel\babel.sty"
Package: babel 2008/07/06 v3.8l The Babel package

*************************************
* Local config file bblopts.cfg used
*
(C:\Users\stefan\AppData\Roaming\MiKTeX\2.9\tex\latex\arabi\bblopts.cfg
File: bblopts.cfg 2005/09/08 v0.1 add Arabic and Farsi to "declared" options of
 babel
)
("C:\Program Files\MiKTeX 2.9\tex\generic\babel\ngermanb.ldf"
Language: ngermanb 2008/07/06 v2.6n new German support from the babel system

("C:\Program Files\MiKTeX 2.9\tex\generic\babel\babel.def"
File: babel.def 2008/07/06 v3.8l Babel common definitions
\babel@savecnt=\count89
\U@D=\dimen104
)
\l@naustrian = a dialect from \language\l@ngerman 
Package babel Info: Making " an active character on input line 92.
))
("C:\Program Files\MiKTeX 2.9\tex\latex\base\inputenc.sty"
Package: inputenc 2008/03/30 v1.1d Input encoding file
\inpenc@prehook=\toks15
\inpenc@posthook=\toks16

("C:\Program Files\MiKTeX 2.9\tex\latex\base\ansinew.def"
File: ansinew.def 2008/03/30 v1.1d Input encoding file
))
("C:\Program Files\MiKTeX 2.9\tex\latex\base\fontenc.sty"
Package: fontenc 2005/09/27 v1.99g Standard LaTeX package

("C:\Program Files\MiKTeX 2.9\tex\latex\base\t1enc.def"
File: t1enc.def 2005/09/27 v1.99g Standard LaTeX file
LaTeX Font Info:    Redeclaring font encoding T1 on input line 43.
))
("C:\Program Files\MiKTeX 2.9\tex\latex\tools\varioref.sty"
Package: varioref 2009/09/13 v1.4w package for extended references (FMi)
\c@vrcnt=\count90
)
(C:\Users\stefan\AppData\Roaming\MiKTeX\2.9\tex\latex\biblatex\biblatex.sty
Package: biblatex 2011/11/13 v1.7 programmable bibliographies

(C:\Users\stefan\AppData\Roaming\MiKTeX\2.9\tex\latex\etoolbox\etoolbox.sty
Package: etoolbox 2011/01/03 v2.1 e-TeX tools for LaTeX

("C:\Program Files\MiKTeX 2.9\tex\latex\misc\etex.sty"
Package: etex 1998/03/26 v2.0 eTeX basic definition package (PEB)
\et@xins=\count91
)
\etb@tempcnta=\count92
)
(C:\Users\stefan\AppData\Roaming\MiKTeX\2.9\tex\latex\logreq\logreq.sty
Package: logreq 2010/08/04 v1.0 xml request logger
\lrq@indent=\count93

(C:\Users\stefan\AppData\Roaming\MiKTeX\2.9\tex\latex\logreq\logreq.def
File: logreq.def 2010/08/04 v1.0 logreq spec v1.0
))
("C:\Program Files\MiKTeX 2.9\tex\latex\base\ifthen.sty"
Package: ifthen 2001/05/26 v1.1c Standard LaTeX ifthen package (DPC)
)
("C:\Program Files\MiKTeX 2.9\tex\latex\ltxmisc\url.sty"
\Urlmuskip=\muskip10
Package: url 2006/04/12  ver 3.3  Verb mode for urls, etc.
)
\c@listtotal=\count94
\c@listcount=\count95
\c@liststart=\count96
\c@liststop=\count97
\c@citecount=\count98
\c@citetotal=\count99
\c@multicitecount=\count100
\c@multicitetotal=\count101
\c@instcount=\count102
\c@maxnames=\count103
\c@minnames=\count104
\c@maxitems=\count105
\c@minitems=\count106
\c@citecounter=\count107
\c@savedcitecounter=\count108
\c@uniquelist=\count109
\c@uniquename=\count110
\c@refsection=\count111
\c@refsegment=\count112
\c@maxextrayear=\count113
\c@maxextraalpha=\count114
\c@abbrvpenalty=\count115
\c@highnamepenalty=\count116
\c@lownamepenalty=\count117
\c@maxparens=\count118
\c@parenlevel=\count119
\blx@tempcnta=\count120
\blx@tempcntb=\count121
\blx@tempcntc=\count122
\blx@maxsection=\count123
\blx@maxsegment=\count124
\blx@notetype=\count125
\blx@parenlevel@text=\count126
\blx@parenlevel@foot=\count127
\labelnumberwidth=\skip47
\labelalphawidth=\skip48
\shorthandwidth=\skip49
\biblabelsep=\skip50
\bibitemsep=\skip51
\bibnamesep=\skip52
\bibinitsep=\skip53
\bibparsep=\skip54
\bibhang=\skip55
\blx@auxin=\read1
\blx@auxout=\write3
\c@mincomprange=\count128
\c@maxcomprange=\count129
\c@mincompwidth=\count130
\c@labelname=\count131
\c@savedlabelname=\count132
\c@author=\count133
\c@savedauthor=\count134
\c@shortauthor=\count135
\c@savedshortauthor=\count136
\c@editor=\count137
\c@savededitor=\count138
\c@editora=\count139
\c@savededitora=\count140
\c@editorb=\count141
\c@savededitorb=\count142
\c@editorc=\count143
\c@savededitorc=\count144
\c@shorteditor=\count145
\c@savedshorteditor=\count146
\c@bookauthor=\count147
\c@savedbookauthor=\count148
\c@translator=\count149
\c@savedtranslator=\count150
\c@annotator=\count151
\c@savedannotator=\count152
\c@commentator=\count153
\c@savedcommentator=\count154
\c@introduction=\count155
\c@savedintroduction=\count156
\c@foreword=\count157
\c@savedforeword=\count158
\c@afterword=\count159
\c@savedafterword=\count160
\c@holder=\count161
\c@savedholder=\count162
\c@namea=\count163
\c@savednamea=\count164
\c@nameb=\count165
\c@savednameb=\count166
\c@namec=\count167
\c@savednamec=\count168
\c@institution=\count169
\c@savedinstitution=\count170
\c@language=\count171
\c@savedlanguage=\count172
\c@location=\count173
\c@savedlocation=\count174
\c@organization=\count175
\c@savedorganization=\count176
\c@origlocation=\count177
\c@savedoriglocation=\count178
\c@origpublisher=\count179
\c@savedorigpublisher=\count180
\c@pageref=\count181
\c@savedpageref=\count182
\c@publisher=\count183
\c@savedpublisher=\count184
\c@lista=\count185
\c@savedlista=\count186
\c@listb=\count187
\c@savedlistb=\count188
\c@listc=\count189
\c@savedlistc=\count190
\c@listd=\count191
\c@savedlistd=\count192
\c@liste=\count193
\c@savedliste=\count194
\c@listf=\count195
\c@savedlistf=\count196
Package biblatex Info: Trying to load compatibility code...
Package biblatex Info: ... file 'blx-compat.def' found.

(C:\Users\stefan\AppData\Roaming\MiKTeX\2.9\tex\latex\biblatex\blx-compat.def
File: blx-compat.def 2011/11/13 v1.7 biblatex generic compatibility
)
Package biblatex Info: Trying to load generic definitions...
Package biblatex Info: ... file 'biblatex.def' found.

(C:\Users\stefan\AppData\Roaming\MiKTeX\2.9\tex\latex\biblatex\biblatex.def
File: biblatex.def 2011/11/13 v1.7 biblatex generic definitions
\c@biburlnumpenalty=\count197
\c@biburlucpenalty=\count198
\c@biburllcpenalty=\count199
\c@smartand=\count200
)
Package biblatex Info: Trying to load natbib compatibility...
Package biblatex Info: ... file 'blx-natbib.def' found.

(C:\Users\stefan\AppData\Roaming\MiKTeX\2.9\tex\latex\biblatex\blx-natbib.def
File: blx-natbib.def 2011/11/13 v1.7 biblatex natbib compatibility
)
Package biblatex Info: Trying to load bibliography style 'philosophy-modern'...

Package biblatex Info: ... file 'philosophy-modern.bbx' found.

("C:\Users\stefan\Documents\Maturarbeit\Maturarbeit Street Art\philosophy-moder
n.bbx"
File: philosophy-modern.bbx philosophy-modern.bbx,v 0.7c 2011/05/16 valbusa bet
a$
Package biblatex Info: Trying to load bibliography style 'philosophy-classic'..
.
Package biblatex Info: ... file 'philosophy-classic.bbx' found.

("C:\Users\stefan\Documents\Maturarbeit\Maturarbeit Street Art\philosophy-class
ic.bbx"
File: philosophy-classic.bbx philosophy-classic.bbx,v 0.7c 2011/05/16 valbusa b
eta$
Package biblatex Info: Trying to load bibliography style 'authoryear'...
Package biblatex Info: ... file 'authoryear.bbx' found.

(C:\Users\stefan\AppData\Roaming\MiKTeX\2.9\tex\latex\biblatex\bbx\authoryear.b
bx
File: authoryear.bbx 2011/11/13 v1.7 biblatex bibliography style
Package biblatex Info: Trying to load bibliography style 'standard'...
Package biblatex Info: ... file 'standard.bbx' found.

(C:\Users\stefan\AppData\Roaming\MiKTeX\2.9\tex\latex\biblatex\bbx\standard.bbx
File: standard.bbx 2011/11/13 v1.7 biblatex bibliography style
))
Package biblatex Info: Trying to load bibliography style 'philosophy-standard'.
..
Package biblatex Info: ... file 'philosophy-standard.bbx' found.

("C:\Users\stefan\Documents\Maturarbeit\Maturarbeit Street Art\philosophy-stand
ard.bbx"
File: philosophy-standard.bbx $Id: philosophy-standard.bbx,v 0.7c 2011/05/16 va
lbsua beta $
)
\c@maxnamesincross=\count201
\c@minnamesincross=\count202
)
\yeartitle=\skip56
\postnamesep=\skip57
Package biblatex Info: Redefining '\bbx@crossref'.
)
Package biblatex Info: Trying to load citation style 'philosophy-modern'...
Package biblatex Info: ... file 'philosophy-modern.cbx' found.

("C:\Users\stefan\Documents\Maturarbeit\Maturarbeit Street Art\philosophy-moder
n.cbx"
File: philosophy-modern.cbx philosophy-modern.cbx,v 0.7c 2011/05/16 valbusa bet
a$
Package biblatex Info: Trying to load citation style 'philosophy-classic'...
Package biblatex Info: ... file 'philosophy-classic.cbx' found.

("C:\Users\stefan\Documents\Maturarbeit\Maturarbeit Street Art\philosophy-class
ic.cbx"
File: philosophy-classic.cbx philosophy-classic.cbx,v 0.7c 2011/05/16 valbusa b
eta$
Package biblatex Info: Trying to load citation style 'authoryear-comp'...
Package biblatex Info: ... file 'authoryear-comp.cbx' found.

(C:\Users\stefan\AppData\Roaming\MiKTeX\2.9\tex\latex\biblatex\cbx\authoryear-c
omp.cbx
File: authoryear-comp.cbx 2011/11/13 v1.7 biblatex citation style
Package biblatex Info: Redefining '\cite'.
Package biblatex Info: Redefining '\parencite'.
Package biblatex Info: Redefining '\footcite'.
Package biblatex Info: Redefining '\footcitetext'.
Package biblatex Info: Redefining '\smartcite'.
Package biblatex Info: Redefining '\textcite'.
Package biblatex Info: Redefining '\cites'.
Package biblatex Info: Redefining '\parencites'.
Package biblatex Info: Redefining '\footcites'.
Package biblatex Info: Redefining '\footcitetexts'.
Package biblatex Info: Redefining '\smartcites'.
Package biblatex Info: Redefining '\textcites'.
)
Package biblatex Info: Redefining '\citetitle'.
Package biblatex Info: Redefining '\citeyear'.
))
Package biblatex Info: Trying to load configuration file...
Package biblatex Info: ... file 'biblatex.cfg' found.

(C:\Users\stefan\AppData\Roaming\MiKTeX\2.9\tex\latex\biblatex\biblatex.cfg
File: biblatex.cfg 
))
(C:\Users\stefan\AppData\Roaming\MiKTeX\2.9\tex\latex\changepage\chngpage.sty
Package: chngpage 2009/10/20 v1.2b change page layout
\c@cp@cnt=\count203
\c@cp@tempcnt=\count204
)
("C:\Program Files\MiKTeX 2.9\tex\latex\mflogo\mflogo.sty"
Package: mflogo 1999/03/10 v2.0 LaTeX package for Metafont and MetaPost logos
)
(C:\Users\stefan\AppData\Roaming\MiKTeX\2.9\tex\latex\caption\caption.sty
Package: caption 2011/11/10 v3.2e Customizing captions (AR)

(C:\Users\stefan\AppData\Roaming\MiKTeX\2.9\tex\latex\caption\caption3.sty
Package: caption3 2011/11/01 v1.4a caption3 kernel (AR)
\captionmargin=\dimen105
\captionmargin@=\dimen106
\captionwidth=\dimen107
\caption@indent=\dimen108
\caption@parindent=\dimen109
\caption@hangindent=\dimen110
)
Package caption Info: KOMA-Script document class.
\c@ContinuedFloat=\count205
)
(C:\Users\stefan\AppData\Roaming\MiKTeX\2.9\tex\latex\listings\listings.sty
\lst@mode=\count206
\lst@gtempboxa=\box27
\lst@token=\toks17
\lst@length=\count207
\lst@currlwidth=\dimen111
\lst@column=\count208
\lst@pos=\count209
\lst@lostspace=\dimen112
\lst@width=\dimen113
\lst@newlines=\count210
\lst@lineno=\count211
\lst@maxwidth=\dimen114

(C:\Users\stefan\AppData\Roaming\MiKTeX\2.9\tex\latex\listings\lstmisc.sty
File: lstmisc.sty 2007/02/22 1.4 (Carsten Heinz)
\c@lstnumber=\count212
\lst@skipnumbers=\count213
\lst@framebox=\box28
)
(C:\Users\stefan\AppData\Roaming\MiKTeX\2.9\tex\latex\listings\listings.cfg
File: listings.cfg 2007/02/22 1.4 listings configuration
))
Package: listings 2007/02/22 1.4 (Carsten Heinz)

("C:\Program Files\MiKTeX 2.9\tex\latex\graphics\graphicx.sty"
Package: graphicx 1999/02/16 v1.0f Enhanced LaTeX Graphics (DPC,SPQR)

("C:\Program Files\MiKTeX 2.9\tex\latex\graphics\graphics.sty"
Package: graphics 2009/02/05 v1.0o Standard LaTeX Graphics (DPC,SPQR)

("C:\Program Files\MiKTeX 2.9\tex\latex\graphics\trig.sty"
Package: trig 1999/03/16 v1.09 sin cos tan (DPC)
)
("C:\Program Files\MiKTeX 2.9\tex\latex\00miktex\graphics.cfg"
File: graphics.cfg 2007/01/18 v1.5 graphics configuration of teTeX/TeXLive
)
Package graphics Info: Driver file: pdftex.def on input line 91.

("C:\Program Files\MiKTeX 2.9\tex\latex\pdftex-def\pdftex.def"
File: pdftex.def 2011/04/25 v0.06b Graphics/color for pdfTeX

("C:\Program Files\MiKTeX 2.9\tex\generic\oberdiek\infwarerr.sty"
Package: infwarerr 2010/04/08 v1.3 Providing info/warning/message (HO)
)
("C:\Program Files\MiKTeX 2.9\tex\generic\oberdiek\ltxcmds.sty"
Package: ltxcmds 2011/04/18 v1.20 LaTeX kernel commands for general use (HO)
)
\Gread@gobject=\count214
))
\Gin@req@height=\dimen115
\Gin@req@width=\dimen116
)
(C:\Users\stefan\AppData\Roaming\MiKTeX\2.9\tex\latex\subfig\subfig.sty
Package: subfig 2005/06/28 ver: 1.3 subfig package
\c@KVtest=\count215
\sf@farskip=\skip58
\sf@captopadj=\dimen117
\sf@capskip=\skip59
\sf@nearskip=\skip60
\c@subfigure=\count216
\c@subfigure@save=\count217
\c@lofdepth=\count218
\c@subtable=\count219
\c@subtable@save=\count220
\c@lotdepth=\count221
\sf@top=\skip61
\sf@bottom=\skip62
)
("C:\Program Files\MiKTeX 2.9\tex\latex\tools\calc.sty"
Package: calc 2007/08/22 v4.3 Infix arithmetic (KKT,FJ)
\calc@Acount=\count222
\calc@Bcount=\count223
\calc@Adimen=\dimen118
\calc@Bdimen=\dimen119
\calc@Askip=\skip63
\calc@Bskip=\skip64
LaTeX Info: Redefining \setlength on input line 76.
LaTeX Info: Redefining \addtolength on input line 77.
\calc@Ccount=\count224
\calc@Cskip=\skip65
)
(C:\Users\stefan\AppData\Roaming\MiKTeX\2.9\tex\latex\wrapfig\wrapfig.sty
\wrapoverhang=\dimen120
\WF@size=\dimen121
\c@WF@wrappedlines=\count225
\WF@box=\box29
\WF@everypar=\toks18
Package: wrapfig 2003/01/31  v 3.6
)
("C:\Program Files\MiKTeX 2.9\tex\latex\tools\multicol.sty"
Package: multicol 2008/12/05 v1.6h multicolumn formatting (FMi)
\c@tracingmulticols=\count226
\mult@box=\box30
\multicol@leftmargin=\dimen122
\c@unbalance=\count227
\c@collectmore=\count228
\doublecol@number=\count229
\multicoltolerance=\count230
\multicolpretolerance=\count231
\full@width=\dimen123
\page@free=\dimen124
\premulticols=\dimen125
\postmulticols=\dimen126
\multicolsep=\skip66
\multicolbaselineskip=\skip67
\partial@page=\box31
\last@line=\box32
\mult@rightbox=\box33
\mult@grightbox=\box34
\mult@gfirstbox=\box35
\mult@firstbox=\box36
\@tempa=\box37
\@tempa=\box38
\@tempa=\box39
\@tempa=\box40
\@tempa=\box41
\@tempa=\box42
\@tempa=\box43
\@tempa=\box44
\@tempa=\box45
\@tempa=\box46
\@tempa=\box47
\@tempa=\box48
\@tempa=\box49
\@tempa=\box50
\@tempa=\box51
\@tempa=\box52
\@tempa=\box53
\c@columnbadness=\count232
\c@finalcolumnbadness=\count233
\last@try=\dimen127
\multicolovershoot=\dimen128
\multicolundershoot=\dimen129
\mult@nat@firstbox=\box54
\colbreak@box=\box55
)
("C:\Program Files\MiKTeX 2.9\tex\latex\base\makeidx.sty"
Package: makeidx 2000/03/29 v1.0m Standard LaTeX package
)
("C:\Program Files\MiKTeX 2.9\tex\latex\base\fixltx2e.sty"
Package: fixltx2e 2006/09/13 v1.1m fixes to LaTeX
LaTeX Info: Redefining \em on input line 420.
LaTeX Info: Redefining \textsubscript on input line 424.
)
("C:\Program Files\MiKTeX 2.9\tex\latex\tools\xspace.sty"
Package: xspace 2006/05/08 v1.12 Space after command names (DPC,MH)
)
("C:\Program Files\MiKTeX 2.9\tex\latex\ltxmisc\relsize.sty"
Package: relsize 2003/07/04 ver 3.1
)
(C:\Users\stefan\AppData\Roaming\MiKTeX\2.9\tex\latex\mparhack\mparhack.sty
Package: mparhack 2005/04/17 v1.4 (T. Sgouros and S. Ulrich)
)
(C:\Users\stefan\AppData\Roaming\MiKTeX\2.9\tex\latex\classicthesis\classicthes
is.sty
Package: classicthesis 2011/12/17 v4.0 Typographic style for a classic-looking 
thesis
 ("C:\Program Files\MiKTeX 2.9\tex\generic\oberdiek\ifpdf.sty"
Package: ifpdf 2011/01/30 v2.3 Provides the ifpdf switch (HO)
Package ifpdf Info: pdfTeX in PDF mode is detected.
)
("C:\Program Files\MiKTeX 2.9\tex\latex\hyperref\hyperref.sty"
Package: hyperref 2011/04/17 v6.82g Hypertext links for LaTeX

("C:\Program Files\MiKTeX 2.9\tex\generic\oberdiek\hobsub-hyperref.sty"
Package: hobsub-hyperref 2011/04/23 v1.4 Bundle oberdiek, subset hyperref (HO)

("C:\Program Files\MiKTeX 2.9\tex\generic\oberdiek\hobsub-generic.sty"
Package: hobsub-generic 2011/04/23 v1.4 Bundle oberdiek, subset generic (HO)
Package: hobsub 2011/04/23 v1.4 Subsetting bundle oberdiek (HO)
Package hobsub Info: Skipping package `infwarerr' (already loaded).
Package hobsub Info: Skipping package `ltxcmds' (already loaded).
Package: ifluatex 2010/03/01 v1.3 Provides the ifluatex switch (HO)
Package ifluatex Info: LuaTeX not detected.
Package: ifvtex 2010/03/01 v1.5 Switches for detecting VTeX and its modes (HO)
Package ifvtex Info: VTeX not detected.
Package: intcalc 2007/09/27 v1.1 Expandable integer calculations (HO)
Package hobsub Info: Skipping package `ifpdf' (already loaded).
Package: etexcmds 2011/02/16 v1.5 Prefix for e-TeX command names (HO)
Package etexcmds Info: Could not find \expanded.
(etexcmds)             That can mean that you are not using pdfTeX 1.50 or
(etexcmds)             that some package has redefined \expanded.
(etexcmds)             In the latter case, load this package earlier.
Package: kvsetkeys 2011/04/07 v1.13 Key value parser (HO)
Package: kvdefinekeys 2011/04/07 v1.3 Defining keys (HO)
Package: pdftexcmds 2011/04/22 v0.16 Utilities of pdfTeX for LuaTeX (HO)
Package pdftexcmds Info: LuaTeX not detected.
Package pdftexcmds Info: \pdf@primitive is available.
Package pdftexcmds Info: \pdf@ifprimitive is available.
Package pdftexcmds Info: \pdfdraftmode found.
Package: pdfescape 2011/04/04 v1.12 Provides string conversions (HO)
Package: bigintcalc 2011/01/30 v1.2 Expandable big integer calculations (HO)
Package: bitset 2011/01/30 v1.1 Data type bit set (HO)
Package: uniquecounter 2011/01/30 v1.2 Provides unlimited unique counter (HO)
)
Package hobsub Info: Skipping package `hobsub' (already loaded).
Package: letltxmacro 2010/09/02 v1.4 Let assignment for LaTeX macros (HO)
Package: hopatch 2011/01/30 v1.0 Wrapper for package hooks (HO)
Package: xcolor-patch 2011/01/30 xcolor patch
Package: atveryend 2011/04/23 v1.7 Hooks at very end of document (HO)
Package: atbegshi 2011/01/30 v1.15 At begin shipout hook (HO)
Package: refcount 2010/12/01 v3.2 Data extraction from references (HO)
Package: hycolor 2011/01/30 v1.7 Color options of hyperref/bookmark (HO)
)
("C:\Program Files\MiKTeX 2.9\tex\generic\ifxetex\ifxetex.sty"
Package: ifxetex 2010/09/12 v0.6 Provides ifxetex conditional
)
("C:\Program Files\MiKTeX 2.9\tex\latex\oberdiek\kvoptions.sty"
Package: kvoptions 2010/12/23 v3.10 Keyval support for LaTeX options (HO)
)
\@linkdim=\dimen130
Normal \count register pool exhausted, switching to extended pool.
\Hy@linkcounter=\count277
\Hy@pagecounter=\count278

("C:\Program Files\MiKTeX 2.9\tex\latex\hyperref\pd1enc.def"
File: pd1enc.def 2011/04/17 v6.82g Hyperref: PDFDocEncoding definition (HO)
)
\Hy@SavedSpaceFactor=\count279

("C:\Program Files\MiKTeX 2.9\tex\latex\00miktex\hyperref.cfg"
File: hyperref.cfg 2002/06/06 v1.2 hyperref configuration of TeXLive
)
Package hyperref Info: Hyper figures OFF on input line 4026.
Package hyperref Info: Link nesting OFF on input line 4031.
Package hyperref Info: Hyper index ON on input line 4034.
Package hyperref Info: Plain pages OFF on input line 4041.
Package hyperref Info: Backreferencing OFF on input line 4046.
Package hyperref Info: Implicit mode ON; LaTeX internals redefined.
Package hyperref Info: Bookmarks ON on input line 4264.
\c@Hy@tempcnt=\count280
LaTeX Info: Redefining \url on input line 4617.
\Fld@menulength=\count281
\Field@Width=\dimen131
\Fld@charsize=\dimen132
Package hyperref Info: Hyper figures OFF on input line 5701.
Package hyperref Info: Link nesting OFF on input line 5706.
Package hyperref Info: Hyper index ON on input line 5709.
Package hyperref Info: backreferencing OFF on input line 5716.
Package hyperref Info: Link coloring OFF on input line 5721.
Package hyperref Info: Link coloring with OCG OFF on input line 5726.
Package hyperref Info: PDF/A mode OFF on input line 5731.
LaTeX Info: Redefining \ref on input line 5771.
LaTeX Info: Redefining \pageref on input line 5775.
\Hy@abspage=\count282
\c@Item=\count283
\c@Hfootnote=\count284
)

Package hyperref Message: Driver (autodetected): hpdftex.

("C:\Program Files\MiKTeX 2.9\tex\latex\hyperref\hpdftex.def"
File: hpdftex.def 2011/04/17 v6.82g Hyperref driver for pdfTeX
\Fld@listcount=\count285
\c@bookmark@seq@number=\count286

("C:\Program Files\MiKTeX 2.9\tex\latex\oberdiek\rerunfilecheck.sty"
Package: rerunfilecheck 2011/04/15 v1.7 Rerun checks for auxiliary files (HO)
Package uniquecounter Info: New unique counter `rerunfilecheck' on input line 2
82.
)
\Hy@SectionHShift=\skip68
)
(C:\Users\stefan\AppData\Roaming\MiKTeX\2.9\tex\latex\xcolor\xcolor.sty
Package: xcolor 2007/01/21 v2.11 LaTeX color extensions (UK)

("C:\Program Files\MiKTeX 2.9\tex\latex\00miktex\color.cfg"
File: color.cfg 2007/01/18 v1.5 color configuration of teTeX/TeXLive
)
Package xcolor Info: Driver file: pdftex.def on input line 225.
Package xcolor Info: Model `cmy' substituted by `cmy0' on input line 1337.
Package xcolor Info: Model `hsb' substituted by `rgb' on input line 1341.
Package xcolor Info: Model `RGB' extended on input line 1353.
Package xcolor Info: Model `HTML' substituted by `rgb' on input line 1355.
Package xcolor Info: Model `Hsb' substituted by `hsb' on input line 1356.
Package xcolor Info: Model `tHsb' substituted by `hsb' on input line 1357.
Package xcolor Info: Model `HSB' substituted by `hsb' on input line 1358.
Package xcolor Info: Model `Gray' substituted by `gray' on input line 1359.
Package xcolor Info: Model `wave' substituted by `hsb' on input line 1360.

("C:\Program Files\MiKTeX 2.9\tex\latex\graphics\dvipsnam.def"
File: dvipsnam.def 1999/02/16 v3.0i Driver-dependant file (DPC,SPQR)
))
("C:\Program Files\MiKTeX 2.9\tex\latex\psnfss\mathpazo.sty"
Package: mathpazo 2005/04/12 PSNFSS-v9.2a Palatino w/ Pazo Math (D.Puga, WaS) 
\symupright=\mathgroup4
)
(C:\Users\stefan\AppData\Roaming\MiKTeX\2.9\tex\latex\bera\beramono.sty
Package: beramono 2004/01/31 (WaS)
)
(C:\Users\stefan\AppData\Roaming\MiKTeX\2.9\tex\latex\eulervm\eulervm.sty
Package: eulervm 2005/01/11 v4.0 (WaS)
)
(C:\Users\stefan\AppData\Roaming\MiKTeX\2.9\tex\latex\microtype\microtype.sty
Package: microtype 2010/01/10 v2.4 Micro-typography with pdfTeX (RS)
\MT@toks=\toks19
\MT@count=\count287
LaTeX Info: Redefining \lsstyle on input line 1597.
LaTeX Info: Redefining \lslig on input line 1597.
\MT@outer@space=\skip69
LaTeX Info: Redefining \textls on input line 1605.
\MT@outer@kern=\dimen133
LaTeX Info: Redefining \textmicrotypecontext on input line 2156.
Package microtype Info: Loading configuration file microtype.cfg.

(C:\Users\stefan\AppData\Roaming\MiKTeX\2.9\tex\latex\microtype\microtype.cfg
File: microtype.cfg 2010/01/10 v2.4 microtype main configuration file (RS)
))
Package classicthesis Info: A4 paper, Palatino or other on input line 256.
Package typearea Info: These are the values describing the layout:
(typearea)             DIV  = areaset
(typearea)             BCOR = 14.22636pt
(typearea)             \paperwidth      = 597.50793pt
(typearea)              \textwidth      = 336.0pt
(typearea)              \evensidemargin = 65.59715pt
(typearea)              \oddsidemargin  = 65.59715pt
(typearea)             \paperheight     = 845.04694pt
(typearea)              \textheight     = 666.04997pt
(typearea)              \topmargin      = -40.58768pt
(typearea)              \headheight     = 15.95pt
(typearea)              \headsep        = 20.40001pt
(typearea)              \topskip        = 11.0pt
(typearea)              \footskip       = 47.60002pt
(typearea)              \baselineskip   = 13.6pt
(typearea)              on input line 256.
(C:\Users\stefan\AppData\Roaming\MiKTeX\2.9\tex\latex\booktabs\booktabs.sty
Package: booktabs 2005/04/14 v1.61803 publication quality tables
\heavyrulewidth=\dimen134
\lightrulewidth=\dimen135
\cmidrulewidth=\dimen136
\belowrulesep=\dimen137
\belowbottomsep=\dimen138
\aboverulesep=\dimen139
\abovetopsep=\dimen140
\cmidrulesep=\dimen141
\cmidrulekern=\dimen142
\defaultaddspace=\dimen143
\@cmidla=\count288
\@cmidlb=\count289
\@aboverulesep=\dimen144
\@belowrulesep=\dimen145
\@thisruleclass=\count290
\@lastruleclass=\count291
\@thisrulewidth=\dimen146
)
(C:\Users\stefan\AppData\Roaming\MiKTeX\2.9\tex\latex\textcase\textcase.sty
Package: textcase 2004/10/07 v0.07 Text only upper/lower case changing (DPC)
)
Package classicthesis Info: Using pdftex/microtype for character spacing.Make s
ure your pdftex is version 1.40 or higher. on input line 328.

(C:\Users\stefan\AppData\Roaming\MiKTeX\2.9\tex\latex\koma-script\scrpage2.sty
Package: scrpage2 2010/04/22 v2.5 LaTeX2e KOMA-Script package
LaTeX Info: Redefining \pagemark on input line 176.
) (C:\Users\stefan\AppData\Roaming\MiKTeX\2.9\tex\latex\titlesec\titlesec.sty
Package: titlesec 2007/08/12 v2.8 Sectioning titles
\ttl@box=\box56
\beforetitleunit=\skip70
\aftertitleunit=\skip71
\ttl@plus=\dimen147
\ttl@minus=\dimen148
\ttl@toksa=\toks20
\titlewidth=\dimen149
\titlewidthlast=\dimen150
\titlewidthfirst=\dimen151
)
(C:\Users\stefan\AppData\Roaming\MiKTeX\2.9\tex\latex\tocloft\tocloft.sty
Package: tocloft 2010/10/13 v2.3e parameterised ToC, etc., typesetting
Package tocloft Info: The document has chapter divisions on input line 43.
\cftparskip=\skip72
\cftbeforetoctitleskip=\skip73
\cftaftertoctitleskip=\skip74
\cftbeforepartskip=\skip75
\cftpartnumwidth=\skip76
\cftpartindent=\skip77
\cftbeforechapskip=\skip78
\cftchapindent=\skip79
\cftchapnumwidth=\skip80
\cftbeforesecskip=\skip81
\cftsecindent=\skip82
\cftsecnumwidth=\skip83
\cftbeforesubsecskip=\skip84
\cftsubsecindent=\skip85
\cftsubsecnumwidth=\skip86
\cftbeforesubsubsecskip=\skip87
\cftsubsubsecindent=\skip88
\cftsubsubsecnumwidth=\skip89
\cftbeforeparaskip=\skip90
\cftparaindent=\skip91
\cftparanumwidth=\skip92
\cftbeforesubparaskip=\skip93
\cftsubparaindent=\skip94
\cftsubparanumwidth=\skip95
\cftbeforeloftitleskip=\skip96
\cftafterloftitleskip=\skip97
\cftbeforefigskip=\skip98
\cftfigindent=\skip99
\cftfignumwidth=\skip100
\cftbeforelottitleskip=\skip101
\cftafterlottitleskip=\skip102
\cftbeforetabskip=\skip103
\cfttabindent=\skip104
\cfttabnumwidth=\skip105
\cftbeforesubfigskip=\skip106
\cftsubfigindent=\skip107
\cftsubfignumwidth=\skip108
\cftbeforesubtabskip=\skip109
\cftsubtabindent=\skip110
\cftsubtabnumwidth=\skip111
)
\newnumberwidth=\skip112
\beforebibskip=\skip113
\newchnumberwidth=\skip114
\figurelabelwidth=\skip115
\tablelabelwidth=\skip116
\c@listings=\count292
\cftbeforelistingsskip=\skip117
\cftlistingsindent=\skip118
\cftlistingsnumwidth=\skip119
\c@loldepth=\count293
\cftbeforeloltitleskip=\skip120
\cftafterloltitleskip=\skip121
\listingslabelwidth=\skip122

Using KOMA-command "deffootnote" for footnote setup
(C:\Users\stefan\AppData\Roaming\MiKTeX\2.9\tex\latex\koma-script\scrtime.sty
Package: scrtime 2011/04/02 v3.09 KOMA-Script package (time of LaTeX run)
)
("C:\Program Files\MiKTeX 2.9\tex\latex\carlisle\remreset.sty"))
("C:\Users\stefan\Documents\Maturarbeit\Maturarbeit Street Art\arsclassica.sty"
Package: arsclassica 2012/02/21 v4.0 Customizing ClassicThesis (LP)
LaTeX Info: Redefining \spacedallcaps on input line 57.
LaTeX Info: Redefining \spacedlowsmallcaps on input line 57.
(C:\Users\stefan\AppData\Roaming\MiKTeX\2.9\tex\latex\titlesec\block.tss
File: block.tss 2007/08/12
)
Package hyperref Info: Option `colorlinks' set `true' on input line 193.
Package hyperref Info: Option `linktocpage' set `true' on input line 193.
Package hyperref Info: Option `breaklinks' set `true' on input line 193.
Package hyperref Info: Option `pageanchor' set `true' on input line 193.
Package hyperref Info: Option `plainpages' set `false' on input line 193.
Package hyperref Info: Option `bookmarksnumbered' set `true' on input line 193.

Package hyperref Info: Option `bookmarksopen' set `true' on input line 193.
Package hyperref Info: Option `hypertexnames' set `true' on input line 193.


Package hyperref Warning: Option `hyperfootnotes' has already been used,
(hyperref)                setting the option has no effect on input line 193.


Package hyperref Warning: Option `pdfpagelabels' has already been used,
(hyperref)                setting the option has no effect on input line 193.

)
(C:\Users\stefan\AppData\Roaming\MiKTeX\2.9\tex\latex\pgf\frontendlayer\tikz.st
y (C:\Users\stefan\AppData\Roaming\MiKTeX\2.9\tex\latex\pgf\basiclayer\pgf.sty
(C:\Users\stefan\AppData\Roaming\MiKTeX\2.9\tex\latex\pgf\utilities\pgfrcs.sty
(C:\Users\stefan\AppData\Roaming\MiKTeX\2.9\tex\generic\pgf\utilities\pgfutil-c
ommon.tex
\pgfutil@everybye=\toks21
)
(C:\Users\stefan\AppData\Roaming\MiKTeX\2.9\tex\generic\pgf\utilities\pgfutil-l
atex.def
\pgfutil@abb=\box57
 (C:\Users\stefan\AppData\Roaming\MiKTeX\2.9\tex\latex\ms\everyshi.sty
Package: everyshi 2001/05/15 v3.00 EveryShipout Package (MS)
))
(C:\Users\stefan\AppData\Roaming\MiKTeX\2.9\tex\generic\pgf\utilities\pgfrcs.co
de.tex
Package: pgfrcs 2010/10/25 v2.10 (rcs-revision 1.24)
))
Package: pgf 2008/01/15 v2.10 (rcs-revision 1.12)

(C:\Users\stefan\AppData\Roaming\MiKTeX\2.9\tex\latex\pgf\basiclayer\pgfcore.st
y
(C:\Users\stefan\AppData\Roaming\MiKTeX\2.9\tex\latex\pgf\systemlayer\pgfsys.st
y
(C:\Users\stefan\AppData\Roaming\MiKTeX\2.9\tex\generic\pgf\systemlayer\pgfsys.
code.tex
Package: pgfsys 2010/06/30 v2.10 (rcs-revision 1.37)

(C:\Users\stefan\AppData\Roaming\MiKTeX\2.9\tex\generic\pgf\utilities\pgfkeys.c
ode.tex
\pgfkeys@pathtoks=\toks22
\pgfkeys@temptoks=\toks23

(C:\Users\stefan\AppData\Roaming\MiKTeX\2.9\tex\generic\pgf\utilities\pgfkeysfi
ltered.code.tex
\pgfkeys@tmptoks=\toks24
))
\pgf@x=\dimen152
\pgf@y=\dimen153
\pgf@xa=\dimen154
\pgf@ya=\dimen155
\pgf@xb=\dimen156
\pgf@yb=\dimen157
\pgf@xc=\dimen158
\pgf@yc=\dimen159
\w@pgf@writea=\write4
\r@pgf@reada=\read2
\c@pgf@counta=\count294
\c@pgf@countb=\count295
\c@pgf@countc=\count296
\c@pgf@countd=\count297

(C:\Users\stefan\AppData\Roaming\MiKTeX\2.9\tex\generic\pgf\systemlayer\pgf.cfg
File: pgf.cfg 2008/05/14  (rcs-revision 1.7)
)
Package pgfsys Info: Driver file for pgf: pgfsys-pdftex.def on input line 900.

(C:\Users\stefan\AppData\Roaming\MiKTeX\2.9\tex\generic\pgf\systemlayer\pgfsys-
pdftex.def
File: pgfsys-pdftex.def 2009/05/22  (rcs-revision 1.26)

(C:\Users\stefan\AppData\Roaming\MiKTeX\2.9\tex\generic\pgf\systemlayer\pgfsys-
common-pdf.def
File: pgfsys-common-pdf.def 2008/05/19  (rcs-revision 1.10)
)))
(C:\Users\stefan\AppData\Roaming\MiKTeX\2.9\tex\generic\pgf\systemlayer\pgfsyss
oftpath.code.tex
File: pgfsyssoftpath.code.tex 2008/07/18  (rcs-revision 1.7)
\pgfsyssoftpath@smallbuffer@items=\count298
\pgfsyssoftpath@bigbuffer@items=\count299
)
(C:\Users\stefan\AppData\Roaming\MiKTeX\2.9\tex\generic\pgf\systemlayer\pgfsysp
rotocol.code.tex
File: pgfsysprotocol.code.tex 2006/10/16  (rcs-revision 1.4)
))
(C:\Users\stefan\AppData\Roaming\MiKTeX\2.9\tex\generic\pgf\basiclayer\pgfcore.
code.tex
Package: pgfcore 2010/04/11 v2.10 (rcs-revision 1.7)

(C:\Users\stefan\AppData\Roaming\MiKTeX\2.9\tex\generic\pgf\math\pgfmath.code.t
ex
(C:\Users\stefan\AppData\Roaming\MiKTeX\2.9\tex\generic\pgf\math\pgfmathcalc.co
de.tex
(C:\Users\stefan\AppData\Roaming\MiKTeX\2.9\tex\generic\pgf\math\pgfmathutil.co
de.tex)
(C:\Users\stefan\AppData\Roaming\MiKTeX\2.9\tex\generic\pgf\math\pgfmathparser.
code.tex
\pgfmath@dimen=\dimen160
\pgfmath@count=\count300
\pgfmath@box=\box58
\pgfmath@toks=\toks25
\pgfmath@stack@operand=\toks26
\pgfmath@stack@operation=\toks27
)
(C:\Users\stefan\AppData\Roaming\MiKTeX\2.9\tex\generic\pgf\math\pgfmathfunctio
ns.code.tex
(C:\Users\stefan\AppData\Roaming\MiKTeX\2.9\tex\generic\pgf\math\pgfmathfunctio
ns.basic.code.tex)
(C:\Users\stefan\AppData\Roaming\MiKTeX\2.9\tex\generic\pgf\math\pgfmathfunctio
ns.trigonometric.code.tex)
(C:\Users\stefan\AppData\Roaming\MiKTeX\2.9\tex\generic\pgf\math\pgfmathfunctio
ns.random.code.tex)
(C:\Users\stefan\AppData\Roaming\MiKTeX\2.9\tex\generic\pgf\math\pgfmathfunctio
ns.comparison.code.tex)
(C:\Users\stefan\AppData\Roaming\MiKTeX\2.9\tex\generic\pgf\math\pgfmathfunctio
ns.base.code.tex)
(C:\Users\stefan\AppData\Roaming\MiKTeX\2.9\tex\generic\pgf\math\pgfmathfunctio
ns.round.code.tex)
(C:\Users\stefan\AppData\Roaming\MiKTeX\2.9\tex\generic\pgf\math\pgfmathfunctio
ns.misc.code.tex)))
(C:\Users\stefan\AppData\Roaming\MiKTeX\2.9\tex\generic\pgf\math\pgfmathfloat.c
ode.tex
\c@pgfmathroundto@lastzeros=\count301
))
(C:\Users\stefan\AppData\Roaming\MiKTeX\2.9\tex\generic\pgf\basiclayer\pgfcorep
oints.code.tex
File: pgfcorepoints.code.tex 2010/04/09  (rcs-revision 1.20)
\pgf@picminx=\dimen161
\pgf@picmaxx=\dimen162
\pgf@picminy=\dimen163
\pgf@picmaxy=\dimen164
\pgf@pathminx=\dimen165
\pgf@pathmaxx=\dimen166
\pgf@pathminy=\dimen167
\pgf@pathmaxy=\dimen168
\pgf@xx=\dimen169
\pgf@xy=\dimen170
\pgf@yx=\dimen171
\pgf@yy=\dimen172
\pgf@zx=\dimen173
\pgf@zy=\dimen174
)
(C:\Users\stefan\AppData\Roaming\MiKTeX\2.9\tex\generic\pgf\basiclayer\pgfcorep
athconstruct.code.tex
File: pgfcorepathconstruct.code.tex 2010/08/03  (rcs-revision 1.24)
\pgf@path@lastx=\dimen175
\pgf@path@lasty=\dimen176
)
(C:\Users\stefan\AppData\Roaming\MiKTeX\2.9\tex\generic\pgf\basiclayer\pgfcorep
athusage.code.tex
File: pgfcorepathusage.code.tex 2008/04/22  (rcs-revision 1.12)
\pgf@shorten@end@additional=\dimen177
\pgf@shorten@start@additional=\dimen178
)
(C:\Users\stefan\AppData\Roaming\MiKTeX\2.9\tex\generic\pgf\basiclayer\pgfcores
copes.code.tex
File: pgfcorescopes.code.tex 2010/09/08  (rcs-revision 1.34)
\pgfpic=\box59
\pgf@hbox=\box60
\pgf@layerbox@main=\box61
\pgf@picture@serial@count=\count302
)
(C:\Users\stefan\AppData\Roaming\MiKTeX\2.9\tex\generic\pgf\basiclayer\pgfcoreg
raphicstate.code.tex
File: pgfcoregraphicstate.code.tex 2008/04/22  (rcs-revision 1.9)
\pgflinewidth=\dimen179
)
(C:\Users\stefan\AppData\Roaming\MiKTeX\2.9\tex\generic\pgf\basiclayer\pgfcoret
ransformations.code.tex
File: pgfcoretransformations.code.tex 2009/06/10  (rcs-revision 1.11)
\pgf@pt@x=\dimen180
\pgf@pt@y=\dimen181
\pgf@pt@temp=\dimen182
)
(C:\Users\stefan\AppData\Roaming\MiKTeX\2.9\tex\generic\pgf\basiclayer\pgfcoreq
uick.code.tex
File: pgfcorequick.code.tex 2008/10/09  (rcs-revision 1.3)
)
(C:\Users\stefan\AppData\Roaming\MiKTeX\2.9\tex\generic\pgf\basiclayer\pgfcoreo
bjects.code.tex
File: pgfcoreobjects.code.tex 2006/10/11  (rcs-revision 1.2)
)
(C:\Users\stefan\AppData\Roaming\MiKTeX\2.9\tex\generic\pgf\basiclayer\pgfcorep
athprocessing.code.tex
File: pgfcorepathprocessing.code.tex 2008/10/09  (rcs-revision 1.8)
)
(C:\Users\stefan\AppData\Roaming\MiKTeX\2.9\tex\generic\pgf\basiclayer\pgfcorea
rrows.code.tex
File: pgfcorearrows.code.tex 2008/04/23  (rcs-revision 1.11)
)
(C:\Users\stefan\AppData\Roaming\MiKTeX\2.9\tex\generic\pgf\basiclayer\pgfcores
hade.code.tex
File: pgfcoreshade.code.tex 2008/11/23  (rcs-revision 1.13)
\pgf@max=\dimen183
\pgf@sys@shading@range@num=\count303
)
(C:\Users\stefan\AppData\Roaming\MiKTeX\2.9\tex\generic\pgf\basiclayer\pgfcorei
mage.code.tex
File: pgfcoreimage.code.tex 2010/03/25  (rcs-revision 1.16)

(C:\Users\stefan\AppData\Roaming\MiKTeX\2.9\tex\generic\pgf\basiclayer\pgfcoree
xternal.code.tex
File: pgfcoreexternal.code.tex 2010/09/01  (rcs-revision 1.17)
\pgfexternal@startupbox=\box62
))
(C:\Users\stefan\AppData\Roaming\MiKTeX\2.9\tex\generic\pgf\basiclayer\pgfcorel
ayers.code.tex
File: pgfcorelayers.code.tex 2010/08/27  (rcs-revision 1.2)
)
(C:\Users\stefan\AppData\Roaming\MiKTeX\2.9\tex\generic\pgf\basiclayer\pgfcoret
ransparency.code.tex
File: pgfcoretransparency.code.tex 2008/01/17  (rcs-revision 1.2)
)
(C:\Users\stefan\AppData\Roaming\MiKTeX\2.9\tex\generic\pgf\basiclayer\pgfcorep
atterns.code.tex
File: pgfcorepatterns.code.tex 2009/07/02  (rcs-revision 1.3)
)))
(C:\Users\stefan\AppData\Roaming\MiKTeX\2.9\tex\generic\pgf\modules\pgfmodulesh
apes.code.tex
File: pgfmoduleshapes.code.tex 2010/09/09  (rcs-revision 1.13)
\pgfnodeparttextbox=\box63
)
(C:\Users\stefan\AppData\Roaming\MiKTeX\2.9\tex\generic\pgf\modules\pgfmodulepl
ot.code.tex
File: pgfmoduleplot.code.tex 2010/10/22  (rcs-revision 1.8)
)
(C:\Users\stefan\AppData\Roaming\MiKTeX\2.9\tex\latex\pgf\compatibility\pgfcomp
-version-0-65.sty
Package: pgfcomp-version-0-65 2007/07/03 v2.10 (rcs-revision 1.7)
\pgf@nodesepstart=\dimen184
\pgf@nodesepend=\dimen185
)
(C:\Users\stefan\AppData\Roaming\MiKTeX\2.9\tex\latex\pgf\compatibility\pgfcomp
-version-1-18.sty
Package: pgfcomp-version-1-18 2007/07/23 v2.10 (rcs-revision 1.1)
))
(C:\Users\stefan\AppData\Roaming\MiKTeX\2.9\tex\latex\pgf\utilities\pgffor.sty
(C:\Users\stefan\AppData\Roaming\MiKTeX\2.9\tex\latex\pgf\utilities\pgfkeys.sty

(C:\Users\stefan\AppData\Roaming\MiKTeX\2.9\tex\generic\pgf\utilities\pgfkeys.c
ode.tex))
(C:\Users\stefan\AppData\Roaming\MiKTeX\2.9\tex\generic\pgf\utilities\pgffor.co
de.tex
Package: pgffor 2010/03/23 v2.10 (rcs-revision 1.18)
\pgffor@iter=\dimen186
\pgffor@skip=\dimen187
\pgffor@stack=\toks28
\pgffor@toks=\toks29
))
(C:\Users\stefan\AppData\Roaming\MiKTeX\2.9\tex\generic\pgf\frontendlayer\tikz\
tikz.code.tex
Package: tikz 2010/10/13 v2.10 (rcs-revision 1.76)

(C:\Users\stefan\AppData\Roaming\MiKTeX\2.9\tex\generic\pgf\libraries\pgflibrar
yplothandlers.code.tex
File: pgflibraryplothandlers.code.tex 2010/05/31 v2.10 (rcs-revision 1.15)
\pgf@plot@mark@count=\count304
\pgfplotmarksize=\dimen188
)
\tikz@lastx=\dimen189
\tikz@lasty=\dimen190
\tikz@lastxsaved=\dimen191
\tikz@lastysaved=\dimen192
\tikzleveldistance=\dimen193
\tikzsiblingdistance=\dimen194
\tikz@figbox=\box64
\tikz@tempbox=\box65
\tikztreelevel=\count305
\tikznumberofchildren=\count306
\tikznumberofcurrentchild=\count307
\tikz@fig@count=\count308

(C:\Users\stefan\AppData\Roaming\MiKTeX\2.9\tex\generic\pgf\modules\pgfmodulema
trix.code.tex
File: pgfmodulematrix.code.tex 2010/08/24  (rcs-revision 1.4)
\pgfmatrixcurrentrow=\count309
\pgfmatrixcurrentcolumn=\count310
\pgf@matrix@numberofcolumns=\count311
)
\tikz@expandcount=\count312

(C:\Users\stefan\AppData\Roaming\MiKTeX\2.9\tex\generic\pgf\frontendlayer\tikz\
libraries\tikzlibrarytopaths.code.tex
File: tikzlibrarytopaths.code.tex 2008/06/17 v2.10 (rcs-revision 1.2)
)))
(C:\Users\stefan\AppData\Roaming\MiKTeX\2.9\tex\latex\framed\framed.sty
Package: framed 2007/10/04 v 0.95: framed or shaded text with page breaks
\fb@frw=\dimen195
\fb@frh=\dimen196
\FrameRule=\dimen197
\FrameSep=\dimen198
)
(C:\Users\stefan\AppData\Roaming\MiKTeX\2.9\tex\latex\guitlogo\guit.sty
Package: guit 2009/07/31 v0.9.1 Logo del GuIT

("C:\Program Files\MiKTeX 2.9\tex\latex\xkeyval\xkeyval.sty"
Package: xkeyval 2008/08/13 v2.6a package option processing (HA)

("C:\Program Files\MiKTeX 2.9\tex\generic\xkeyval\xkeyval.tex"
\XKV@toks=\toks30
\XKV@tempa@toks=\toks31
\XKV@depth=\count313
File: xkeyval.tex 2008/08/13 v2.6a key=value parser (HA)
))
Package guit Info: Configuration file not found on input line 284.
)
("C:\Program Files\MiKTeX 2.9\tex\latex\geometry\geometry.sty"
Package: geometry 2010/09/12 v5.6 Page Geometry
\Gm@cnth=\count314
\Gm@cntv=\count315
\c@Gm@tempcnt=\count316
\Gm@bindingoffset=\dimen199
\Gm@wd@mp=\dimen200
\Gm@odd@mp=\dimen201
\Gm@even@mp=\dimen202
\Gm@layoutwidth=\dimen203
\Gm@layoutheight=\dimen204
\Gm@layouthoffset=\dimen205
\Gm@layoutvoffset=\dimen206
\Gm@dimlist=\toks32

("C:\Program Files\MiKTeX 2.9\tex\latex\geometry\geometry.cfg"))
("C:\Users\stefan\Documents\Maturarbeit\Maturarbeit Street Art\arsclassica-sett
ings.tex"
\@indexfile=\write5

Writing index file Maturaarbeit.idx
(C:\Users\stefan\AppData\Roaming\MiKTeX\2.9\tex\latex\listings\lstlang1.sty
File: lstlang1.sty 2004/09/05 1.3 listings language file
)
(C:\Users\stefan\AppData\Roaming\MiKTeX\2.9\tex\latex\listings\lstlang2.sty
File: lstlang2.sty 2004/09/05 1.3 listings language file
)
(C:\Users\stefan\AppData\Roaming\MiKTeX\2.9\tex\latex\listings\lstlang3.sty
File: lstlang3.sty 2004/09/05 1.3 listings language file
)
(C:\Users\stefan\AppData\Roaming\MiKTeX\2.9\tex\latex\listings\lstlang1.sty
File: lstlang1.sty 2004/09/05 1.3 listings language file
)
(C:\Users\stefan\AppData\Roaming\MiKTeX\2.9\tex\latex\listings\lstlang2.sty
File: lstlang2.sty 2004/09/05 1.3 listings language file
)
(C:\Users\stefan\AppData\Roaming\MiKTeX\2.9\tex\latex\listings\lstlang3.sty
File: lstlang3.sty 2004/09/05 1.3 listings language file
)
(C:\Users\stefan\AppData\Roaming\MiKTeX\2.9\tex\latex\listings\lstlang1.sty
File: lstlang1.sty 2004/09/05 1.3 listings language file
)
(C:\Users\stefan\AppData\Roaming\MiKTeX\2.9\tex\latex\listings\lstlang2.sty
File: lstlang2.sty 2004/09/05 1.3 listings language file
)
(C:\Users\stefan\AppData\Roaming\MiKTeX\2.9\tex\latex\listings\lstlang3.sty
File: lstlang3.sty 2004/09/05 1.3 listings language file
)
(C:\Users\stefan\AppData\Roaming\MiKTeX\2.9\tex\latex\listings\lstmisc.sty
File: lstmisc.sty 2007/02/22 1.4 (Carsten Heinz)
)
Package biblatex Info: Redefining '\citeyearpar' on input line 207.
Package biblatex Info: Redefining '\citetalias' on input line 216.
LaTeX Info: Redefining \miktex on input line 259.
LaTeX Info: Redefining \texlive on input line 262.
)
Package biblatex Info: Trying to load language 'ngerman'...
Package biblatex Info: ... file 'ngerman.lbx' found.

(C:\Users\stefan\AppData\Roaming\MiKTeX\2.9\tex\latex\biblatex\lbx\ngerman.lbx
File: ngerman.lbx 2011/11/13 v1.7 biblatex localization
Package biblatex Info: Trying to load language 'german'...
Package biblatex Info: ... file 'german.lbx' found.

(C:\Users\stefan\AppData\Roaming\MiKTeX\2.9\tex\latex\biblatex\lbx\german.lbx
File: german.lbx 2011/11/13 v1.7 biblatex localization
))

Package biblatex Warning: 'babel' detected but 'csquotes' missing.
(biblatex)                Loading 'csquotes' recommended.

\@quotelevel=\count317
\@quotereset=\count318
("C:\Users\stefan\Documents\Maturarbeit\Maturarbeit Street Art\Maturaarbeit.aux
")
LaTeX Font Info:    Checking defaults for OML/cmm/m/it on input line 39.
LaTeX Font Info:    ... okay on input line 39.
LaTeX Font Info:    Checking defaults for T1/cmr/m/n on input line 39.
LaTeX Font Info:    ... okay on input line 39.
LaTeX Font Info:    Checking defaults for OT1/cmr/m/n on input line 39.
LaTeX Font Info:    ... okay on input line 39.
LaTeX Font Info:    Checking defaults for OMS/cmsy/m/n on input line 39.
LaTeX Font Info:    ... okay on input line 39.
LaTeX Font Info:    Checking defaults for OMX/cmex/m/n on input line 39.
LaTeX Font Info:    ... okay on input line 39.
LaTeX Font Info:    Checking defaults for U/cmr/m/n on input line 39.
LaTeX Font Info:    ... okay on input line 39.
LaTeX Font Info:    Checking defaults for PD1/pdf/m/n on input line 39.
LaTeX Font Info:    ... okay on input line 39.
LaTeX Font Info:    Try loading font information for T1+pplj on input line 39.
 ("C:\Program Files\MiKTeX 2.9\tex\latex\psnfss\t1pplj.fd"
File: t1pplj.fd 2004/09/06 font definitions for T1/pplj.
)
Package biblatex Info: Input encoding 'ansinew' detected.
Package biblatex Info: Automatic encoding selection.
(biblatex)             Assuming data encoding 'ansinew'.
Package biblatex Info: Trying to load bibliographic data...
Package biblatex Info: ... file 'Maturaarbeit.bbl' found.

("C:\Users\stefan\Documents\Maturarbeit\Maturarbeit Street Art\Maturaarbeit.bbl
")
Package biblatex Info: Reference section=0 on input line 39.
Package biblatex Info: Reference segment=0 on input line 39.
Package caption Info: Begin \AtBeginDocument code.
Package caption Info: subfig package v1.3 is loaded.
Package caption Info: hyperref package is loaded.
Package caption Info: listings package is loaded.
Package caption Info: wrapfig package is loaded.
Package caption Info: End \AtBeginDocument code.
\c@lstlisting=\count319
 (C:\Users\stefan\AppData\Roaming\MiKTeX\2.9\tex\context\base\supp-pdf.mkii
[Loading MPS to PDF converter (version 2006.09.02).]
\scratchcounter=\count320
\scratchdimen=\dimen207
\scratchbox=\box66
\nofMPsegments=\count321
\nofMParguments=\count322
\everyMPshowfont=\toks33
\MPscratchCnt=\count323
\MPscratchDim=\dimen208
\MPnumerator=\count324
\everyMPtoPDFconversion=\toks34
)
\AtBeginShipoutBox=\box67
Package hyperref Info: Link coloring ON on input line 39.
 ("C:\Program Files\MiKTeX 2.9\tex\latex\hyperref\nameref.sty"
Package: nameref 2010/04/30 v2.40 Cross-referencing by name of section

("C:\Program Files\MiKTeX 2.9\tex\generic\oberdiek\gettitlestring.sty"
Package: gettitlestring 2010/12/03 v1.4 Cleanup title references (HO)
)
\c@section@level=\count325
LaTeX Info: Redefining \Ref on input line 498.
)
LaTeX Info: Redefining \ref on input line 39.
LaTeX Info: Redefining \pageref on input line 39.
LaTeX Info: Redefining \nameref on input line 39.

("C:\Users\stefan\Documents\Maturarbeit\Maturarbeit Street Art\Maturaarbeit.out
")
("C:\Users\stefan\Documents\Maturarbeit\Maturarbeit Street Art\Maturaarbeit.out
")
\@outlinefile=\write6
LaTeX Info: Redefining \Ref on input line 39.
\big@size=\dimen209
\big@size=\dimen210
LaTeX Info: Redefining \microtypecontext on input line 39.
Package microtype Info: Generating PDF output.
Package microtype Info: Character protrusion enabled (level 2).
Package microtype Info: Using default protrusion set `alltext'.
Package microtype Info: No font expansion.
Package microtype Info: No tracking.
Package microtype Info: No adjustment of interword spacing.
Package microtype Info: No adjustment of character kerning.
 (C:\Users\stefan\AppData\Roaming\MiKTeX\2.9\tex\latex\microtype\mt-ppl.cfg
File: mt-ppl.cfg 2005/11/16 v1.6 microtype config. file: Palatino (RS)
)

Package scrpage2 Warning: seems you are using a very small headheight.
(scrpage2)                If you get overfull \vbox warnings at almost every
(scrpage2)                page, you should increase headheight e.g. writing
(scrpage2)                 \setlength{\headheight}{1.1\baselineskip}
(scrpage2)                into the preamble of your document.
(scrpage2)                A better solution would be to use typearea package.

ABD: EveryShipout initializing macros
*geometry* driver: auto-detecting
*geometry* detected driver: pdftex
*geometry* verbose mode - [ preamble ] result:
* driver: pdftex
* paper: a4paper
* layout: <same size as paper>
* layoutoffset:(h,v)=(0.0pt,0.0pt)
* modes: 
* h-part:(L,W,R)=(101.17755pt, 395.15277pt, 101.17755pt)
* v-part:(T,H,B)=(101.17755pt, 642.69174pt, 101.17755pt)
* \paperwidth=597.50787pt
* \paperheight=845.04684pt
* \textwidth=395.15277pt
* \textheight=642.69174pt
* \oddsidemargin=28.90756pt
* \evensidemargin=28.90756pt
* \topmargin=-7.44244pt
* \headheight=15.95pt
* \headsep=20.40001pt
* \topskip=11.0pt
* \footskip=47.60002pt
* \marginparwidth=200.0pt
* \marginparsep=21.77576pt
* \columnsep=10.0pt
* \skip\footins=10.0pt plus 4.0pt minus 2.0pt
* \hoffset=0.0pt
* \voffset=0.0pt
* \mag=1000
* \@twocolumnfalse
* \@twosidefalse
* \@mparswitchfalse
* \@reversemarginfalse
* (1in=72.27pt=25.4mm, 1cm=28.453pt)


("C:\Users\stefan\Documents\Maturarbeit\Maturarbeit Street Art\FrontBackMatter/
Titelblatt.tex"
LaTeX Font Info:    Try loading font information for T1+iwona on input line 7.

(C:\Users\stefan\AppData\Roaming\MiKTeX\2.9\tex\latex\iwona\t1iwona.fd
File: t1iwona.fd 2008/07/22 v0.995 font definition file for T1/iwona (MW)
)
LaTeX Font Info:    Try loading font information for U+zeur on input line 22.

(C:\Users\stefan\AppData\Roaming\MiKTeX\2.9\tex\latex\eulervm\uzeur.fd
File: uzeur.fd 2005/01/11 v4.0 (WaS)
)
(C:\Users\stefan\AppData\Roaming\MiKTeX\2.9\tex\latex\microtype\mt-eur.cfg
File: mt-eur.cfg 2006/07/31 v1.1 microtype config. file: AMS Euler Roman (RS)
)
LaTeX Font Info:    Try loading font information for U+zeus on input line 22.

(C:\Users\stefan\AppData\Roaming\MiKTeX\2.9\tex\latex\eulervm\uzeus.fd
File: uzeus.fd 2005/01/11 v4.0 (WaS)
)
(C:\Users\stefan\AppData\Roaming\MiKTeX\2.9\tex\latex\microtype\mt-eus.cfg
File: mt-eus.cfg 2006/07/28 v1.2 microtype config. file: AMS Euler Script (RS)
)
LaTeX Font Info:    Try loading font information for U+zeuex on input line 22.

(C:\Users\stefan\AppData\Roaming\MiKTeX\2.9\tex\latex\eulervm\uzeuex.fd
File: uzeuex.fd 2005/01/11 v4.0 (WaS)
)
LaTeX Font Info:    Try loading font information for OT1+zplm on input line 22.


("C:\Program Files\MiKTeX 2.9\tex\latex\psnfss\ot1zplm.fd"
File: ot1zplm.fd 2002/09/08 Fontinst v1.914 font definitions for OT1/zplm.
)
<Graphics/rat2.jpg, id=222, 1284.8pt x 1027.84pt>
File: Graphics/rat2.jpg Graphic file (type jpg)
 <use Graphics/rat2.jpg>
Package pdftex.def Info: Graphics/rat2.jpg used on input line 23.
(pdftex.def)             Requested size: 113.81102pt x 91.04303pt.

Underfull \hbox (badness 10000) in paragraph at lines 32--32

 []


Overfull \hbox (23.99998pt too wide) in paragraph at lines 22--34
 [][] 
 []

[1



{C:/Users/stefan/AppData/Local/MiKTeX/2.9/pdftex/config/pdftex.map} <C:/Users/s
tefan/Documents/Maturarbeit/Maturarbeit Street Art/Graphics/rat2.jpg>])
("C:\Users\stefan\Documents\Maturarbeit\Maturarbeit Street Art\FrontBackMatter/
Titelrckseite.tex"
LaTeX Font Info:    Try loading font information for OMS+pplj on input line 12.

LaTeX Font Info:    No file OMSpplj.fd. on input line 12.


LaTeX Font Warning: Font shape `OMS/pplj/m/n' undefined
(Font)              using `OMS/cmsy/m/n' instead on input line 12.

LaTeX Font Info:    Try loading font information for T1+fvm on input line 20.
(C:\Users\stefan\AppData\Roaming\MiKTeX\2.9\tex\latex\bera\t1fvm.fd
File: t1fvm.fd 2004/09/07 scalable font definitions for T1/fvm.
)
LaTeX Font Info:    Font shape `T1/fvm/m/n' will be
(Font)              scaled to size 9.30756pt on input line 20.
) [2]
("C:\Users\stefan\Documents\Maturarbeit\Maturarbeit Street Art\FrontBackMatter/
Inhalt.tex"
Package tocbasic Info: character protrusion at toc deactivated on input line 11
.

("C:\Users\stefan\Documents\Maturarbeit\Maturarbeit Street Art\Maturaarbeit.toc
"
LaTeX Font Info:    Font shape `T1/pplj/bx/n' in size <10.95> not available
(Font)              Font shape `T1/pplj/b/n' tried instead on input line 7.
Package microtype Info: Character `029' is missing
(microtype)             in font `T1/pplj/m/sc/10.95'.
(microtype)             Ignoring protrusion settings for this character.
 [3

])
\tf@toc=\write7
 [4])
("C:\Users\stefan\Documents\Maturarbeit\Maturarbeit Street Art\FrontBackMatter/
Abstract.tex"
Underfull \hbox (badness 10000) in paragraph at lines 14--19

 []

[5

])
("C:\Users\stefan\Documents\Maturarbeit\Maturarbeit Street Art\FrontBackMatter/
Vorwort.tex")
("C:\Users\stefan\Documents\Maturarbeit\Maturarbeit Street Art\FrontBackMatter/
Danksagungen.tex"
Underfull \hbox (badness 10000) in paragraph at lines 13--19

 []

[6

])
("C:\Users\stefan\Documents\Maturarbeit\Maturarbeit Street Art\Chapters/Einleit
ung.tex"
Kapitel 1.

Class scrreprt Warning: \float@addtolists detected!
(scrreprt)              You should use the features of package `tocbasic'
(scrreprt)              instead of \float@addtolists.
(scrreprt)              Support for \float@addtolists may be removed from
(scrreprt)              `scrreprt' soon .

Package microtype Info: Character `029' is missing
(microtype)             in font `T1/iwona/m/sc/14.4'.
(microtype)             Ignoring protrusion settings for this character.

Underfull \hbox (badness 10000) in paragraph at lines 17--25

 []


Overfull \vbox (1.6358pt too high) has occurred while \output is active []


[7






]
LaTeX Font Info:    Font shape `T1/fvm/m/n' will be
(Font)              scaled to size 7.65005pt on input line 27.
Package microtype Info: Character `029' is missing
(microtype)             in font `T1/iwona/m/sc/10.95'.
(microtype)             Ignoring protrusion settings for this character.

Overfull \vbox (1.6358pt too high) has occurred while \output is active []


[8

])
("C:\Users\stefan\Documents\Maturarbeit\Maturarbeit Street Art\Chapters/Kapitel
1.tex"
Overfull \vbox (1.6358pt too high) has occurred while \output is active []


[9]
Kapitel 2.
<Graphics/handprints.jpg, id=347, 542.025pt x 382.42876pt>
File: Graphics/handprints.jpg Graphic file (type jpg)

<use Graphics/handprints.jpg>
Package pdftex.def Info: Graphics/handprints.jpg used on input line 17.
(pdftex.def)             Requested size: 250.0pt x 176.38618pt.
LaTeX Font Info:    Font shape `T1/iwona/bx/n' in size <10> not available
(Font)              Font shape `T1/iwona/b/n' tried instead on input line 18.

Overfull \hbox (1.70744pt too wide) in paragraph at lines 10--34
\T1/pplj/m/n/10.95 Obwohl die-se an-ti-ken Graf-fi-ti nicht viel mit der mo-der
-nen Street-Art- oder Graffiti-
 []


Overfull \vbox (1.6358pt too high) has occurred while \output is active []


[10


 <C:/Users/stefan/Documents/Maturarbeit/Maturarbeit Street Art/Graphics/handpri
nts.jpg>] <Graphics/dondi.jpg, id=367, 277.765pt x 218.635pt>
File: Graphics/dondi.jpg Graphic file (type jpg)

<use Graphics/dondi.jpg>
Package pdftex.def Info: Graphics/dondi.jpg used on input line 46.
(pdftex.def)             Requested size: 316.12341pt x 248.83946pt.

Overfull \hbox (4.09454pt too wide) in paragraph at lines 36--58
\T1/pplj/m/n/10.95 ter-es-se des eta-blier-ten Kunst-be-trie-bes. Es folg-te ei
-ne Wel-le von Graffiti-Vernissagen
 []


Overfull \hbox (17.88062pt too wide) in paragraph at lines 36--58
\T1/pplj/m/n/10.95 und Aus-stel-lun-gen, un-ter dem La-bel Street-Wear be-ein
-fluss-te die Graffiti-Subkultur
 []


Underfull \hbox (badness 10000) in paragraph at lines 36--58

 []


Overfull \vbox (1.6358pt too high) has occurred while \output is active []


[11]

LaTeX Warning: `!h' float specifier changed to `!ht'.


Overfull \vbox (1.6358pt too high) has occurred while \output is active []


[12]
Overfull \vbox (1.6358pt too high) has occurred while \output is active []


[13 <C:/Users/stefan/Documents/Maturarbeit/Maturarbeit Street Art/Graphics/dond
i.jpg>] <Graphics/blek1.jpg, id=408, 263.98625pt x 401.5pt>
File: Graphics/blek1.jpg Graphic file (type jpg)

<use Graphics/blek1.jpg>
Package pdftex.def Info: Graphics/blek1.jpg used on input line 83.
(pdftex.def)             Requested size: 118.54703pt x 180.2996pt.
LaTeX Font Info:    Font shape `T1/iwona/bx/n' in size <9> not available
(Font)              Font shape `T1/iwona/b/n' tried instead on input line 83.
 <Graphics/blek2.jpg, id=409, 307.1475pt x 451.6875pt>
File: Graphics/blek2.jpg Graphic file (type jpg)

<use Graphics/blek2.jpg>
Package pdftex.def Info: Graphics/blek2.jpg used on input line 85.
(pdftex.def)             Requested size: 118.54703pt x 174.33098pt.
 <Graphics/blek3.jpg, id=410, 305.14pt x 451.6875pt>
File: Graphics/blek3.jpg Graphic file (type jpg)

<use Graphics/blek3.jpg>
Package pdftex.def Info: Graphics/blek3.jpg used on input line 87.
(pdftex.def)             Requested size: 118.54703pt x 175.48198pt.

Overfull \vbox (1.6358pt too high) has occurred while \output is active []


[14]
Overfull \vbox (1.6358pt too high) has occurred while \output is active []


[15 <C:/Users/stefan/Documents/Maturarbeit/Maturarbeit Street Art/Graphics/blek
1.jpg> <C:/Users/stefan/Documents/Maturarbeit/Maturarbeit Street Art/Graphics/b
lek2.jpg> <C:/Users/stefan/Documents/Maturarbeit/Maturarbeit Street Art/Graphic
s/blek3.jpg>] <Graphics/obey.jpg, id=432, 1027.84pt x 770.88pt>
File: Graphics/obey.jpg Graphic file (type jpg)

<use Graphics/obey.jpg>
Package pdftex.def Info: Graphics/obey.jpg used on input line 106.
(pdftex.def)             Requested size: 197.57639pt x 148.1743pt.
 <Graphics/obey3.jpg, id=433, 411.136pt x 308.352pt>
File: Graphics/obey3.jpg Graphic file (type jpg)

<use Graphics/obey3.jpg>
Package pdftex.def Info: Graphics/obey3.jpg used on input line 108.
(pdftex.def)             Requested size: 197.57639pt x 148.18137pt.

Underfull \hbox (badness 3039) in paragraph at lines 108--108
[][]|\T1/pplj/m/n/9 Sti-li-sier-tes Andr-the-Giant-Plakat in New
 []


Overfull \hbox (4.8399pt too wide) in paragraph at lines 106--109
 [][]  [][] 
 []


LaTeX Warning: `!h' float specifier changed to `!ht'.


Overfull \vbox (1.6358pt too high) has occurred while \output is active []


[16] <Graphics/banksy_london.jpg, id=451, 449.68pt x 337.26pt>
File: Graphics/banksy_london.jpg Graphic file (type jpg)

<use Graphics/banksy_london.jpg>
Package pdftex.def Info: Graphics/banksy_london.jpg used on input line 125.
(pdftex.def)             Requested size: 395.15277pt x 296.37802pt.


LaTeX Warning: `!h' float specifier changed to `!ht'.


Underfull \hbox (badness 10000) in paragraph at lines 128--130

 []


Overfull \vbox (1.6358pt too high) has occurred while \output is active []


[17 <C:/Users/stefan/Documents/Maturarbeit/Maturarbeit Street Art/Graphics/obey
.jpg> <C:/Users/stefan/Documents/Maturarbeit/Maturarbeit Street Art/Graphics/ob
ey3.jpg>] <Graphics/banksy1.jpg, id=468, 710.655pt x 538.01pt>
File: Graphics/banksy1.jpg Graphic file (type jpg)

<use Graphics/banksy1.jpg>
Package pdftex.def Info: Graphics/banksy1.jpg used on input line 136.
(pdftex.def)             Requested size: 118.54703pt x 89.74472pt.

<Graphics/banksy2.jpg, id=469, 602.25pt x 796.9775pt>
File: Graphics/banksy2.jpg Graphic file (type jpg)

<use Graphics/banksy2.jpg>
Package pdftex.def Info: Graphics/banksy2.jpg used on input line 138.
(pdftex.def)             Requested size: 118.54703pt x 156.87537pt.

<Graphics/banksy3.jpg, id=470, 303.1325pt x 481.8pt>
File: Graphics/banksy3.jpg Graphic file (type jpg)

<use Graphics/banksy3.jpg>
Package pdftex.def Info: Graphics/banksy3.jpg used on input line 140.
(pdftex.def)             Requested size: 118.54703pt x 188.4232pt.


LaTeX Warning: `!h' float specifier changed to `!ht'.


Overfull \vbox (1.6358pt too high) has occurred while \output is active []


[18 <C:/Users/stefan/Documents/Maturarbeit/Maturarbeit Street Art/Graphics/bank
sy_london.jpg>]
Overfull \vbox (1.6358pt too high) has occurred while \output is active []


[19 <C:/Users/stefan/Documents/Maturarbeit/Maturarbeit Street Art/Graphics/bank
sy1.jpg> <C:/Users/stefan/Documents/Maturarbeit/Maturarbeit Street Art/Graphics
/banksy2.jpg> <C:/Users/stefan/Documents/Maturarbeit/Maturarbeit Street Art/Gra
phics/banksy3.jpg>]
<Graphics/bust_seifrei.jpg, id=498, 1027.84pt x 685.56125pt>
File: Graphics/bust_seifrei.jpg Graphic file (type jpg)

<use Graphics/bust_seifrei.jpg>
Package pdftex.def Info: Graphics/bust_seifrei.jpg used on input line 163.
(pdftex.def)             Requested size: 395.15277pt x 263.56007pt.
)
("C:\Users\stefan\Documents\Maturarbeit\Maturarbeit Street Art\Chapters/Kapitel
3.tex"

LaTeX Warning: `!h' float specifier changed to `!ht'.


Overfull \vbox (1.6358pt too high) has occurred while \output is active []


[20]
Overfull \vbox (1.6358pt too high) has occurred while \output is active []


[21 <C:/Users/stefan/Documents/Maturarbeit/Maturarbeit Street Art/Graphics/bust
_seifrei.jpg>]
Kapitel 3.

Overfull \vbox (1.6358pt too high) has occurred while \output is active []


[22


] <Graphics/public1.jpg, id=528, 752.8125pt x 501.875pt>
File: Graphics/public1.jpg Graphic file (type jpg)

<use Graphics/public1.jpg>
Package pdftex.def Info: Graphics/public1.jpg used on input line 20.
(pdftex.def)             Requested size: 197.57639pt x 131.71735pt.

<Graphics/public2.jpg, id=529, 752.8125pt x 501.875pt>
File: Graphics/public2.jpg Graphic file (type jpg)

<use Graphics/public2.jpg>
Package pdftex.def Info: Graphics/public2.jpg used on input line 22.
(pdftex.def)             Requested size: 197.57639pt x 131.71735pt.

Overfull \hbox (4.8399pt too wide) in paragraph at lines 20--23
 [][]  [][] 
 []


Overfull \vbox (1.6358pt too high) has occurred while \output is active []


[23 <C:/Users/stefan/Documents/Maturarbeit/Maturarbeit Street Art/Graphics/publ
ic1.jpg> <C:/Users/stefan/Documents/Maturarbeit/Maturarbeit Street Art/Graphics
/public2.jpg>]
Overfull \vbox (1.6358pt too high) has occurred while \output is active []


[24]
Overfull \vbox (1.6358pt too high) has occurred while \output is active []


[25]
Overfull \hbox (5.60565pt too wide) in paragraph at lines 47--51
\T1/pplj/m/n/10.95 kurz ein-ge-hen wer-den, gros-ses Auf-se-hen. Ready-Mades wa
-ren ein-fa-che Ge-brauchs-
 []


Underfull \hbox (badness 10000) in paragraph at lines 47--51

 []


Overfull \vbox (1.6358pt too high) has occurred while \output is active []


[26] <Graphics/blf.jpg, id=572, 501.875pt x 334.24875pt>
File: Graphics/blf.jpg Graphic file (type jpg)

<use Graphics/blf.jpg>
Package pdftex.def Info: Graphics/blf.jpg used on input line 58.
(pdftex.def)             Requested size: 276.60573pt x 184.23009pt.

Overfull \vbox (1.6358pt too high) has occurred while \output is active []


[27 <C:/Users/stefan/Documents/Maturarbeit/Maturarbeit Street Art/Graphics/blf.
jpg>])
("C:\Users\stefan\Documents\Maturarbeit\Maturarbeit Street Art\Chapters/Kapitel
2.tex"
Overfull \vbox (1.6358pt too high) has occurred while \output is active []


[28]
Kapitel 4.

Overfull \hbox (2.22192pt too wide) in paragraph at lines 10--19
\T1/pplj/m/n/10.95 Isabelle Graw hat in ih-rem Buch \T1/pplj/m/it/10.95 Der gro
s-se Preis: Kunst zwi-schen Markt und Celebrity-
 []


Overfull \vbox (1.6358pt too high) has occurred while \output is active []


[29


]
Overfull \vbox (1.6358pt too high) has occurred while \output is active []


[30]
Overfull \vbox (1.6358pt too high) has occurred while \output is active []


[31]
Overfull \vbox (1.6358pt too high) has occurred while \output is active []


[32]
Overfull \hbox (9.13155pt too wide) in paragraph at lines 47--48
[]\T1/pplj/m/n/10.95 Zusammenfassend kann man sa-gen, dass es schwie-rig ist f
r Street-Art-Kunstwerke
 []


Overfull \vbox (1.6358pt too high) has occurred while \output is active []


[33]
Overfull \vbox (1.6358pt too high) has occurred while \output is active []


[34]
Overfull \vbox (1.6358pt too high) has occurred while \output is active []


[35] <Graphics/stroke.jpg, id=657, 2906.86pt x 1943.26pt>
File: Graphics/stroke.jpg Graphic file (type jpg)

<use Graphics/stroke.jpg>
Package pdftex.def Info: Graphics/stroke.jpg used on input line 89.
(pdftex.def)             Requested size: 316.12341pt x 211.32782pt.

Overfull \vbox (1.6358pt too high) has occurred while \output is active []


[36]
Overfull \vbox (1.6358pt too high) has occurred while \output is active []


[37 <C:/Users/stefan/Documents/Maturarbeit/Maturarbeit Street Art/Graphics/stro
ke.jpg>])
("C:\Users\stefan\Documents\Maturarbeit\Maturarbeit Street Art\Chapters/Schluss
wort.tex"
Overfull \vbox (1.6358pt too high) has occurred while \output is active []


[38]
Kapitel 5.
)
Overfull \vbox (1.6358pt too high) has occurred while \output is active []


[39


]
("C:\Users\stefan\Documents\Maturarbeit\Maturarbeit Street Art\FrontBackMatter/
Bibliography.tex"
Overfull \hbox (1.13728pt too wide) in paragraph at lines 7--7
\T1/pplj/m/n/10.95 19.2.12, [][]$\T1/fvm/m/n/10.95 http : / / www . filmstarts 
. de / kritiken / 105222 -[] Exit -[] Through -[] Th
 []


Overfull \hbox (1.11794pt too wide) in paragraph at lines 7--7
\T1/fvm/m/n/10.95 : / / www . portsmouthmfa . org / portsmouthmfa / blog / Entr
ies / 2011 / 6 / 10 _ T
 []


Overfull \vbox (1.6358pt too high) has occurred while \output is active []


[40





]
Overfull \hbox (3.39716pt too wide) in paragraph at lines 7--7
\T1/fvm/m/n/10.95 c . hu -[] berlin . de / kunsttexte / 2009 -[] 1 / geilert -[
] gerald -[] 7 / PDF / geilert . p
 []


Overfull \hbox (1.39716pt too wide) in paragraph at lines 7--7
[][]$\T1/fvm/m/n/10.95 http : / / www . bbc . co . uk / suffolk / content / art
icles / 2008 / 11 / 13 / adam _ n
 []


Overfull \hbox (3.39716pt too wide) in paragraph at lines 7--7
[][]$\T1/fvm/m/n/10.95 http : / / edoc . hu -[] berlin . de / kunsttexte / 2009
 -[] 1 / hoppe -[] ilaria -[] 6 / PDF / h
 []


Overfull \hbox (2.89716pt too wide) in paragraph at lines 7--7
\T1/fvm/m/n/10.95 ieuniversitaet -[] online . at / beitraege / news / antike -[
] graffiti -[] geritzt
 []


Overfull \hbox (30.78409pt too wide) in paragraph at lines 7--7
[] []\T1/pplj/m/it/10.95 Street Art: Le-gen-den zur Stras-se\T1/pplj/m/n/10.95 
, Ar-chiv der Ju-gend-kul-tu-ren, \T1/pplj/m/sc/10.95 isbn\T1/pplj/m/n/10.95 : 
9783940213440. 
 []


Overfull \hbox (6.10281pt too wide) in paragraph at lines 7--7
[] []\T1/pplj/m/it/10.95 Trespass: a his-to-ry of un-com-mis-sio-ned ur-ban art
\T1/pplj/m/n/10.95 , Ta-schen, \T1/pplj/m/sc/10.95 isbn\T1/pplj/m/n/10.95 : 978
3836509640. 
 []


Overfull \vbox (1.6358pt too high) has occurred while \output is active []


[41]
Overfull \vbox (1.6358pt too high) has occurred while \output is active []


[42])
("C:\Users\stefan\Documents\Maturarbeit\Maturarbeit Street Art\FrontBackMatter/
Abbildungsverzeichnis.tex"
Package tocbasic Info: character protrusion at lof deactivated on input line 15
.

("C:\Users\stefan\Documents\Maturarbeit\Maturarbeit Street Art\Maturaarbeit.lof
"
Overfull \hbox (5.95996pt too wide) in paragraph at lines 15--15
 [][] []\T1/pplj/m/it/10.95 Ble le Rats \T1/pplj/m/n/10.95 Por-traits in den 19
80ern, [][]$\T1/fvm/m/n/10.95 http : / / bleklerat . free . 
 []


Overfull \hbox (11.75177pt too wide) in paragraph at lines 33--33
 [][] []\T1/pplj/m/n/10.95 Bustart und Sei-frei in Ba-sel, [][]$\T1/fvm/m/n/10.
95 http : / / www . flickr . com / photos / 
 []


Overfull \hbox (13.40237pt too wide) in paragraph at lines 37--37
 \T1/pplj/m/it/10.95 cam-paign\T1/pplj/m/n/10.95 , 2010, [][]$\T1/fvm/m/n/10.95
 http : / / www . publicadcampaign . com / ongoing / 
 []


Overfull \hbox (30.17195pt too wide) in paragraph at lines 39--39
 \T1/fvm/m/n/10.95 laughingsquid . com / billboard-[]liberation-[]front-[]to-[]
serve-[]man/$[][] []  
 []


Overfull \hbox (36.57529pt too wide) in paragraph at lines 43--43
 [][] []\T1/pplj/m/n/10.95 Stroke06-Ausstellung, [][]$\T1/fvm/m/n/10.95 http : 
/ / www . stroke-[]artfair . com / deutsch / 
 []

)
\tf@lof=\write8

Overfull \vbox (1.6358pt too high) has occurred while \output is active []


[43

])
("C:\Users\stefan\Documents\Maturarbeit\Maturarbeit Street Art\FrontBackMatter/
Anhang.tex"
Anhang A.

Overfull \vbox (1.6358pt too high) has occurred while \output is active []


[44



]
Overfull \vbox (1.6358pt too high) has occurred while \output is active []


[45]
Overfull \vbox (1.6358pt too high) has occurred while \output is active []


[46]
Overfull \vbox (1.6358pt too high) has occurred while \output is active []


[47]
Overfull \vbox (1.6358pt too high) has occurred while \output is active []


[48]
Underfull \hbox (badness 10000) in paragraph at lines 137--191

 []


Overfull \vbox (1.6358pt too high) has occurred while \output is active []


[49]
Overfull \vbox (1.6358pt too high) has occurred while \output is active []


[50]
Overfull \vbox (1.6358pt too high) has occurred while \output is active []


[51]
Overfull \vbox (1.6358pt too high) has occurred while \output is active []


[52])
("C:\Users\stefan\Documents\Maturarbeit\Maturarbeit Street Art\FrontBackMatter/
Deklaration.tex"

! LaTeX Error: Illegal character in array arg.

See the LaTeX manual or LaTeX Companion for explanation.
Type  H <return>  for immediate help.
 ...                                              
                                                  
l.23     \begin{tabular}{m{5cm}}
                                
You're in trouble here.  Try typing  <return>  to proceed.
If that doesn't work, type  X <return>  to quit.


! LaTeX Error: Illegal character in array arg.

See the LaTeX manual or LaTeX Companion for explanation.
Type  H <return>  for immediate help.
 ...                                              
                                                  
l.23     \begin{tabular}{m{5cm}}
                                
You're in trouble here.  Try typing  <return>  to proceed.
If that doesn't work, type  X <return>  to quit.


! LaTeX Error: Something's wrong--perhaps a missing \item.

See the LaTeX manual or LaTeX Companion for explanation.
Type  H <return>  for immediate help.
 ...                                              
                                                  
l.26     \end
             {tabular}
Try typing  <return>  to proceed.
If that doesn't work, type  X <return>  to quit.

[53


])
Package atveryend Info: Empty hook `BeforeClearDocument' on input line 78.
Package atveryend Info: Empty hook `AfterLastShipout' on input line 78.

("C:\Users\stefan\Documents\Maturarbeit\Maturarbeit Street Art\Maturaarbeit.aux
")
Package atveryend Info: Executing hook `AtVeryEndDocument' on input line 78.
Package atveryend Info: Executing hook `AtEndAfterFileList' on input line 78.
Package rerunfilecheck Info: File `Maturaarbeit.out' has not changed.
(rerunfilecheck)             Checksum: A328EC794AFE441F69A49AA215BA9D85;4233.


LaTeX Font Warning: Some font shapes were not available, defaults substituted.

Package logreq Info: Writing requests to 'Maturaarbeit.run.xml'.
 ) 
Here is how much of TeX's memory you used:
 27432 strings out of 494053
 481640 string characters out of 3148600
 872040 words of memory out of 3000000
 29844 multiletter control sequences out of 15000+200000
 108518 words of font info for 106 fonts, out of 3000000 for 9000
 729 hyphenation exceptions out of 8191
 65i,14n,122p,1762b,2360s stack positions out of 5000i,500n,10000p,200000b,50000s
{C:/Users/stefan/AppData/Roaming/MiKTeX/2.9/fonts/enc/dvips/iwona/ec-iwona.en
c}{C:/Program Files/MiKTeX 2.9/fonts/enc/dvips/fontname/8r.enc}{C:/Users/stefan
/AppData/Roaming/MiKTeX/2.9/fonts/enc/dvips/iwona/ec-iwona-sc.enc}<C:/Program F
iles/MiKTeX 2.9/fonts/type1/public/amsfonts/cm/cmsy10.pfb><C:/Program Files/MiK
TeX 2.9/fonts/type1/public/amsfonts/euler/eurb10.pfb><C:/Users/stefan/AppData/R
oaming/MiKTeX/2.9/fonts/type1/public/fpl/fplrc8a.pfb><C:/Users/stefan/AppData/R
oaming/MiKTeX/2.9/fonts/type1/public/fpl/fplrij8a.pfb><C:/Users/stefan/AppData/
Roaming/MiKTeX/2.9/fonts/type1/bera/fvmr8a.pfb><C:/Users/stefan/AppData/Roaming
/MiKTeX/2.9/fonts/type1/nowacki/iwona/iwonab.pfb><C:/Users/stefan/AppData/Roami
ng/MiKTeX/2.9/fonts/type1/nowacki/iwona/iwonar.pfb><C:/Users/stefan/AppData/Roa
ming/MiKTeX/2.9/fonts/type1/nowacki/iwona/iwonari.pfb><C:/Program Files/MiKTeX 
2.9/fonts/type1/urw/palatino/uplr8a.pfb><C:/Program Files/MiKTeX 2.9/fonts/type
1/urw/palatino/uplri8a.pfb>
Output written on Maturaarbeit.pdf (53 pages, 4961483 bytes).
PDF statistics:
 907 PDF objects out of 1000 (max. 8388607)
 225 named destinations out of 1000 (max. 500000)
 21522 words of extra memory for PDF output out of 24883 (max. 10000000)

